{"/home/travis/build/npmtest/node-npmtest-electron-osx-sign/test.js":{"path":"/home/travis/build/npmtest/node-npmtest-electron-osx-sign/test.js","s":{"1":2,"2":2,"3":2,"4":2,"5":2,"6":2,"7":2,"8":1,"9":2,"10":2,"11":1,"12":1,"13":1,"14":1,"15":2,"16":2,"17":2,"18":2,"19":1,"20":1,"21":2,"22":2,"23":2,"24":1,"25":1,"26":1,"27":1,"28":1,"29":1,"30":1,"31":1,"32":1,"33":1,"34":1,"35":1,"36":1,"37":1,"38":1,"39":2,"40":2,"41":1,"42":2,"43":2,"44":1,"45":2,"46":2,"47":1,"48":2,"49":2,"50":1,"51":1,"52":1,"53":1,"54":1},"b":{"1":[2,1,1,1],"2":[1,1,1,1],"3":[1,1],"4":[1,1],"5":[1,1],"6":[1,1],"7":[1,1],"8":[1,1],"9":[1,1],"10":[1,1,1],"11":[1,1],"12":[1,1],"13":[1,1],"14":[1,1],"15":[1,1],"16":[1,1],"17":[1,1]},"f":{"1":2,"2":2,"3":2,"4":2,"5":2,"6":1,"7":1,"8":1,"9":2,"10":2,"11":2,"12":2,"13":1},"fnMap":{"1":{"name":"(anonymous_1)","line":12,"loc":{"start":{"line":12,"column":1},"end":{"line":12,"column":13}}},"2":{"name":"(anonymous_2)","line":19,"loc":{"start":{"line":19,"column":5},"end":{"line":19,"column":17}}},"3":{"name":"(anonymous_3)","line":23,"loc":{"start":{"line":23,"column":24},"end":{"line":23,"column":36}}},"4":{"name":"(anonymous_4)","line":61,"loc":{"start":{"line":61,"column":5},"end":{"line":61,"column":17}}},"5":{"name":"(anonymous_5)","line":82,"loc":{"start":{"line":82,"column":5},"end":{"line":82,"column":17}}},"6":{"name":"(anonymous_6)","line":91,"loc":{"start":{"line":91,"column":77},"end":{"line":94,"column":10}}},"7":{"name":"(anonymous_7)","line":112,"loc":{"start":{"line":112,"column":83},"end":{"line":115,"column":10}},"skip":true},"8":{"name":"(anonymous_8)","line":123,"loc":{"start":{"line":123,"column":77},"end":{"line":126,"column":10}},"skip":true},"9":{"name":"(anonymous_9)","line":139,"loc":{"start":{"line":139,"column":12},"end":{"line":139,"column":40}},"skip":true},"10":{"name":"(anonymous_10)","line":147,"loc":{"start":{"line":147,"column":77},"end":{"line":150,"column":10}},"skip":true},"11":{"name":"(anonymous_11)","line":158,"loc":{"start":{"line":158,"column":83},"end":{"line":161,"column":10}},"skip":true},"12":{"name":"(anonymous_12)","line":169,"loc":{"start":{"line":169,"column":79},"end":{"line":172,"column":10}},"skip":true},"13":{"name":"(anonymous_13)","line":180,"loc":{"start":{"line":180,"column":75},"end":{"line":183,"column":10}},"skip":true}},"statementMap":{"1":{"start":{"line":12,"column":0},"end":{"line":195,"column":5}},"2":{"start":{"line":14,"column":4},"end":{"line":14,"column":14}},"3":{"start":{"line":19,"column":4},"end":{"line":56,"column":9}},"4":{"start":{"line":21,"column":8},"end":{"line":21,"column":19}},"5":{"start":{"line":23,"column":8},"end":{"line":35,"column":13}},"6":{"start":{"line":24,"column":12},"end":{"line":34,"column":13}},"7":{"start":{"line":25,"column":16},"end":{"line":28,"column":30}},"8":{"start":{"line":30,"column":16},"end":{"line":33,"column":27}},"9":{"start":{"line":37,"column":8},"end":{"line":39,"column":21}},"10":{"start":{"line":40,"column":8},"end":{"line":53,"column":9}},"11":{"start":{"line":43,"column":12},"end":{"line":46,"column":14}},"12":{"start":{"line":47,"column":12},"end":{"line":47,"column":18}},"13":{"start":{"line":50,"column":12},"end":{"line":51,"column":46}},"14":{"start":{"line":52,"column":12},"end":{"line":52,"column":18}},"15":{"start":{"line":55,"column":8},"end":{"line":55,"column":35}},"16":{"start":{"line":61,"column":4},"end":{"line":63,"column":9}},"17":{"start":{"line":62,"column":8},"end":{"line":62,"column":15}},"18":{"start":{"line":64,"column":4},"end":{"line":77,"column":5}},"19":{"start":{"line":70,"column":8},"end":{"line":70,"column":14}},"20":{"start":{"line":76,"column":8},"end":{"line":76,"column":14}},"21":{"start":{"line":82,"column":4},"end":{"line":84,"column":9}},"22":{"start":{"line":83,"column":8},"end":{"line":83,"column":15}},"23":{"start":{"line":85,"column":4},"end":{"line":194,"column":5}},"24":{"start":{"line":91,"column":8},"end":{"line":99,"column":10}},"25":{"start":{"line":98,"column":12},"end":{"line":98,"column":35}},"26":{"start":{"line":102,"column":8},"end":{"line":104,"column":63}},"27":{"start":{"line":105,"column":8},"end":{"line":105,"column":14}},"28":{"start":{"line":112,"column":8},"end":{"line":121,"column":10},"skip":true},"29":{"start":{"line":119,"column":12},"end":{"line":119,"column":55},"skip":true},"30":{"start":{"line":120,"column":12},"end":{"line":120,"column":48},"skip":true},"31":{"start":{"line":123,"column":8},"end":{"line":136,"column":10},"skip":true},"32":{"start":{"line":130,"column":12},"end":{"line":130,"column":76},"skip":true},"33":{"start":{"line":131,"column":12},"end":{"line":131,"column":73},"skip":true},"34":{"start":{"line":132,"column":12},"end":{"line":132,"column":74},"skip":true},"35":{"start":{"line":133,"column":12},"end":{"line":133,"column":79},"skip":true},"36":{"start":{"line":134,"column":12},"end":{"line":134,"column":25},"skip":true},"37":{"start":{"line":135,"column":12},"end":{"line":135,"column":45},"skip":true},"38":{"start":{"line":138,"column":8},"end":{"line":145,"column":14},"skip":true},"39":{"start":{"line":143,"column":16},"end":{"line":143,"column":29},"skip":true},"40":{"start":{"line":144,"column":16},"end":{"line":144,"column":55},"skip":true},"41":{"start":{"line":147,"column":8},"end":{"line":156,"column":10},"skip":true},"42":{"start":{"line":154,"column":12},"end":{"line":154,"column":25},"skip":true},"43":{"start":{"line":155,"column":12},"end":{"line":155,"column":45},"skip":true},"44":{"start":{"line":158,"column":8},"end":{"line":167,"column":10},"skip":true},"45":{"start":{"line":165,"column":12},"end":{"line":165,"column":25},"skip":true},"46":{"start":{"line":166,"column":12},"end":{"line":166,"column":48},"skip":true},"47":{"start":{"line":169,"column":8},"end":{"line":178,"column":10},"skip":true},"48":{"start":{"line":176,"column":12},"end":{"line":176,"column":25},"skip":true},"49":{"start":{"line":177,"column":12},"end":{"line":177,"column":46},"skip":true},"50":{"start":{"line":180,"column":8},"end":{"line":189,"column":10},"skip":true},"51":{"start":{"line":187,"column":12},"end":{"line":187,"column":94},"skip":true},"52":{"start":{"line":188,"column":12},"end":{"line":188,"column":48},"skip":true},"53":{"start":{"line":192,"column":8},"end":{"line":192,"column":35},"skip":true},"54":{"start":{"line":193,"column":8},"end":{"line":193,"column":14},"skip":true}},"branchMap":{"1":{"line":25,"type":"binary-expr","locations":[{"start":{"line":25,"column":23},"end":{"line":25,"column":62}},{"start":{"line":26,"column":20},"end":{"line":26,"column":70}},{"start":{"line":27,"column":20},"end":{"line":27,"column":71}},{"start":{"line":28,"column":20},"end":{"line":28,"column":29}}]},"2":{"line":30,"type":"binary-expr","locations":[{"start":{"line":30,"column":23},"end":{"line":30,"column":37}},{"start":{"line":31,"column":20},"end":{"line":31,"column":61}},{"start":{"line":32,"column":20},"end":{"line":32,"column":70}},{"start":{"line":33,"column":20},"end":{"line":33,"column":26}}]},"3":{"line":37,"type":"cond-expr","locations":[{"start":{"line":38,"column":14},"end":{"line":38,"column":20}},{"start":{"line":39,"column":14},"end":{"line":39,"column":20}}]},"4":{"line":40,"type":"switch","locations":[{"start":{"line":42,"column":8},"end":{"line":47,"column":18}},{"start":{"line":49,"column":8},"end":{"line":52,"column":18}}]},"5":{"line":44,"type":"binary-expr","locations":[{"start":{"line":44,"column":16},"end":{"line":44,"column":44}},{"start":{"line":44,"column":48},"end":{"line":44,"column":66}}]},"6":{"line":50,"type":"binary-expr","locations":[{"start":{"line":50,"column":21},"end":{"line":50,"column":49}},{"start":{"line":50,"column":53},"end":{"line":50,"column":72}}]},"7":{"line":64,"type":"switch","locations":[{"start":{"line":69,"column":4},"end":{"line":70,"column":14}},{"start":{"line":75,"column":4},"end":{"line":76,"column":14}}]},"8":{"line":85,"type":"switch","locations":[{"start":{"line":90,"column":4},"end":{"line":105,"column":14}},{"start":{"line":111,"column":4},"end":{"line":193,"column":14},"skip":true}]},"9":{"line":91,"type":"binary-expr","locations":[{"start":{"line":91,"column":42},"end":{"line":91,"column":73}},{"start":{"line":91,"column":77},"end":{"line":99,"column":9}}]},"10":{"line":102,"type":"binary-expr","locations":[{"start":{"line":102,"column":18},"end":{"line":102,"column":32}},{"start":{"line":103,"column":12},"end":{"line":103,"column":53}},{"start":{"line":104,"column":12},"end":{"line":104,"column":61}}]},"11":{"line":112,"type":"binary-expr","locations":[{"start":{"line":112,"column":45},"end":{"line":112,"column":79},"skip":true},{"start":{"line":112,"column":83},"end":{"line":121,"column":9},"skip":true}]},"12":{"line":123,"type":"binary-expr","locations":[{"start":{"line":123,"column":42},"end":{"line":123,"column":73},"skip":true},{"start":{"line":123,"column":77},"end":{"line":136,"column":9},"skip":true}]},"13":{"line":138,"type":"binary-expr","locations":[{"start":{"line":138,"column":48},"end":{"line":138,"column":85},"skip":true},{"start":{"line":139,"column":12},"end":{"line":145,"column":13},"skip":true}]},"14":{"line":147,"type":"binary-expr","locations":[{"start":{"line":147,"column":42},"end":{"line":147,"column":73},"skip":true},{"start":{"line":147,"column":77},"end":{"line":156,"column":9},"skip":true}]},"15":{"line":158,"type":"binary-expr","locations":[{"start":{"line":158,"column":45},"end":{"line":158,"column":79},"skip":true},{"start":{"line":158,"column":83},"end":{"line":167,"column":9},"skip":true}]},"16":{"line":169,"type":"binary-expr","locations":[{"start":{"line":169,"column":43},"end":{"line":169,"column":75},"skip":true},{"start":{"line":169,"column":79},"end":{"line":178,"column":9},"skip":true}]},"17":{"line":180,"type":"binary-expr","locations":[{"start":{"line":180,"column":41},"end":{"line":180,"column":71},"skip":true},{"start":{"line":180,"column":75},"end":{"line":189,"column":9},"skip":true}]}},"code":["/* istanbul instrument in package npmtest_electron_osx_sign */","/*jslint","    bitwise: true,","    browser: true,","    maxerr: 8,","    maxlen: 96,","    node: true,","    nomen: true,","    regexp: true,","    stupid: true","*/","(function () {","    'use strict';","    var local;","","","","    // run shared js-env code - pre-init","    (function () {","        // init local","        local = {};","        // init modeJs","        local.modeJs = (function () {","            try {","                return typeof navigator.userAgent === 'string' &&","                    typeof document.querySelector('body') === 'object' &&","                    typeof XMLHttpRequest.prototype.open === 'function' &&","                    'browser';","            } catch (errorCaughtBrowser) {","                return module.exports &&","                    typeof process.versions.node === 'string' &&","                    typeof require('http').createServer === 'function' &&","                    'node';","            }","        }());","        // init global","        local.global = local.modeJs === 'browser'","            ? window","            : global;","        switch (local.modeJs) {","        // re-init local from window.local","        case 'browser':","            local = local.global.utility2.objectSetDefault(","                local.global.utility2_rollup || local.global.local,","                local.global.utility2","            );","            break;","        // re-init local from example.js","        case 'node':","            local = (local.global.utility2_rollup || require('utility2'))","                .requireExampleJsFromReadme();","            break;","        }","        // export local","        local.global.local = local;","    }());","","","","    // run shared js-env code - function","    (function () {","        return;","    }());","    switch (local.modeJs) {","","","","    // run browser js-env code - function","    case 'browser':","        break;","","","","    // run node js-env code - function","    case 'node':","        break;","    }","","","","    // run shared js-env code - post-init","    (function () {","        return;","    }());","    switch (local.modeJs) {","","","","    // run browser js-env code - post-init","    case 'browser':","        local.testCase_browser_nullCase = local.testCase_browser_nullCase || function (","            options,","            onError","        ) {","        /*","         * this function will test browsers's null-case handling-behavior-behavior","         */","            onError(null, options);","        };","","        // run tests","        local.nop(local.modeTest &&","            document.querySelector('#testRunButton1') &&","            document.querySelector('#testRunButton1').click());","        break;","","","","    // run node js-env code - post-init","    /* istanbul ignore next */","    case 'node':","        local.testCase_buildApidoc_default = local.testCase_buildApidoc_default || function (","            options,","            onError","        ) {","        /*","         * this function will test buildApidoc's default handling-behavior-behavior","         */","            options = { modulePathList: module.paths };","            local.buildApidoc(options, onError);","        };","","        local.testCase_buildApp_default = local.testCase_buildApp_default || function (","            options,","            onError","        ) {","        /*","         * this function will test buildApp's default handling-behavior-behavior","         */","            local.testCase_buildReadme_default(options, local.onErrorThrow);","            local.testCase_buildLib_default(options, local.onErrorThrow);","            local.testCase_buildTest_default(options, local.onErrorThrow);","            local.testCase_buildCustomOrg_default(options, local.onErrorThrow);","            options = [];","            local.buildApp(options, onError);","        };","","        local.testCase_buildCustomOrg_default = local.testCase_buildCustomOrg_default ||","            function (options, onError) {","            /*","             * this function will test buildCustomOrg's default handling-behavior","             */","                options = {};","                local.buildCustomOrg(options, onError);","            };","","        local.testCase_buildLib_default = local.testCase_buildLib_default || function (","            options,","            onError","        ) {","        /*","         * this function will test buildLib's default handling-behavior","         */","            options = {};","            local.buildLib(options, onError);","        };","","        local.testCase_buildReadme_default = local.testCase_buildReadme_default || function (","            options,","            onError","        ) {","        /*","         * this function will test buildReadme's default handling-behavior-behavior","         */","            options = {};","            local.buildReadme(options, onError);","        };","","        local.testCase_buildTest_default = local.testCase_buildTest_default || function (","            options,","            onError","        ) {","        /*","         * this function will test buildTest's default handling-behavior","         */","            options = {};","            local.buildTest(options, onError);","        };","","        local.testCase_webpage_default = local.testCase_webpage_default || function (","            options,","            onError","        ) {","        /*","         * this function will test webpage's default handling-behavior","         */","            options = { modeCoverageMerge: true, url: local.serverLocalHost + '?modeTest=1' };","            local.browserTest(options, onError);","        };","","        // run test-server","        local.testRunServer(local);","        break;","    }","}());",""],"l":{"12":2,"14":2,"19":2,"21":2,"23":2,"24":2,"25":2,"30":1,"37":2,"40":2,"43":1,"47":1,"50":1,"52":1,"55":2,"61":2,"62":2,"64":2,"70":1,"76":1,"82":2,"83":2,"85":2,"91":1,"98":1,"102":1,"105":1,"112":1,"119":1,"120":1,"123":1,"130":1,"131":1,"132":1,"133":1,"134":1,"135":1,"138":1,"143":2,"144":2,"147":1,"154":2,"155":2,"158":1,"165":2,"166":2,"169":1,"176":2,"177":2,"180":1,"187":1,"188":1,"192":1,"193":1}},"/home/travis/build/npmtest/node-npmtest-electron-osx-sign/lib.npmtest_electron_osx_sign.js":{"path":"/home/travis/build/npmtest/node-npmtest-electron-osx-sign/lib.npmtest_electron_osx_sign.js","s":{"1":2,"2":2,"3":2,"4":2,"5":2,"6":2,"7":2,"8":1,"9":2,"10":2,"11":2,"12":2,"13":1,"14":1,"15":1,"16":1},"b":{"1":[2,1,1,1],"2":[1,1,1,1],"3":[1,1],"4":[2,2],"5":[1,1]},"f":{"1":2,"2":2,"3":2},"fnMap":{"1":{"name":"(anonymous_1)","line":12,"loc":{"start":{"line":12,"column":1},"end":{"line":12,"column":13}}},"2":{"name":"(anonymous_2)","line":19,"loc":{"start":{"line":19,"column":5},"end":{"line":19,"column":17}}},"3":{"name":"(anonymous_3)","line":23,"loc":{"start":{"line":23,"column":24},"end":{"line":23,"column":36}}}},"statementMap":{"1":{"start":{"line":12,"column":0},"end":{"line":53,"column":5}},"2":{"start":{"line":14,"column":4},"end":{"line":14,"column":14}},"3":{"start":{"line":19,"column":4},"end":{"line":52,"column":9}},"4":{"start":{"line":21,"column":8},"end":{"line":21,"column":19}},"5":{"start":{"line":23,"column":8},"end":{"line":35,"column":13}},"6":{"start":{"line":24,"column":12},"end":{"line":34,"column":13}},"7":{"start":{"line":25,"column":16},"end":{"line":28,"column":30}},"8":{"start":{"line":30,"column":16},"end":{"line":33,"column":27}},"9":{"start":{"line":37,"column":8},"end":{"line":39,"column":21}},"10":{"start":{"line":41,"column":8},"end":{"line":41,"column":54}},"11":{"start":{"line":43,"column":8},"end":{"line":43,"column":62}},"12":{"start":{"line":45,"column":8},"end":{"line":51,"column":9}},"13":{"start":{"line":46,"column":12},"end":{"line":46,"column":68}},"14":{"start":{"line":48,"column":12},"end":{"line":48,"column":35}},"15":{"start":{"line":49,"column":12},"end":{"line":49,"column":49}},"16":{"start":{"line":50,"column":12},"end":{"line":50,"column":43}}},"branchMap":{"1":{"line":25,"type":"binary-expr","locations":[{"start":{"line":25,"column":23},"end":{"line":25,"column":62}},{"start":{"line":26,"column":20},"end":{"line":26,"column":70}},{"start":{"line":27,"column":20},"end":{"line":27,"column":71}},{"start":{"line":28,"column":20},"end":{"line":28,"column":29}}]},"2":{"line":30,"type":"binary-expr","locations":[{"start":{"line":30,"column":23},"end":{"line":30,"column":37}},{"start":{"line":31,"column":20},"end":{"line":31,"column":61}},{"start":{"line":32,"column":20},"end":{"line":32,"column":70}},{"start":{"line":33,"column":20},"end":{"line":33,"column":26}}]},"3":{"line":37,"type":"cond-expr","locations":[{"start":{"line":38,"column":14},"end":{"line":38,"column":20}},{"start":{"line":39,"column":14},"end":{"line":39,"column":20}}]},"4":{"line":41,"type":"binary-expr","locations":[{"start":{"line":41,"column":16},"end":{"line":41,"column":44}},{"start":{"line":41,"column":48},"end":{"line":41,"column":53}}]},"5":{"line":45,"type":"if","locations":[{"start":{"line":45,"column":8},"end":{"line":45,"column":8}},{"start":{"line":45,"column":8},"end":{"line":45,"column":8}}]}},"code":["/* istanbul instrument in package npmtest_electron_osx_sign */","/*jslint","    bitwise: true,","    browser: true,","    maxerr: 8,","    maxlen: 96,","    node: true,","    nomen: true,","    regexp: true,","    stupid: true","*/","(function () {","    'use strict';","    var local;","","","","    // run shared js-env code - pre-init","    (function () {","        // init local","        local = {};","        // init modeJs","        local.modeJs = (function () {","            try {","                return typeof navigator.userAgent === 'string' &&","                    typeof document.querySelector('body') === 'object' &&","                    typeof XMLHttpRequest.prototype.open === 'function' &&","                    'browser';","            } catch (errorCaughtBrowser) {","                return module.exports &&","                    typeof process.versions.node === 'string' &&","                    typeof require('http').createServer === 'function' &&","                    'node';","            }","        }());","        // init global","        local.global = local.modeJs === 'browser'","            ? window","            : global;","        // init utility2_rollup","        local = local.global.utility2_rollup || local;","        // init lib","        local.local = local.npmtest_electron_osx_sign = local;","        // init exports","        if (local.modeJs === 'browser') {","            local.global.utility2_npmtest_electron_osx_sign = local;","        } else {","            module.exports = local;","            module.exports.__dirname = __dirname;","            module.exports.module = module;","        }","    }());","}());",""],"l":{"12":2,"14":2,"19":2,"21":2,"23":2,"24":2,"25":2,"30":1,"37":2,"41":2,"43":2,"45":2,"46":1,"48":1,"49":1,"50":1}},"/home/travis/build/npmtest/node-npmtest-electron-osx-sign/example.js":{"path":"/home/travis/build/npmtest/node-npmtest-electron-osx-sign/example.js","s":{"1":2,"2":2,"3":2,"4":2,"5":2,"6":2,"7":2,"8":1,"9":2,"10":2,"11":2,"12":2,"13":1,"14":2,"15":2,"16":2,"17":2,"18":2,"19":0,"20":2,"21":1,"22":1,"23":1,"24":1,"25":1,"26":0,"27":0,"28":1,"29":1,"30":2,"31":0,"32":0,"33":0,"34":1,"35":2,"36":2,"37":3,"38":3,"39":3,"40":3,"41":0,"42":3,"43":3,"44":3,"45":1,"46":3,"47":1,"48":1,"49":1,"50":1,"51":1,"52":1,"53":1,"54":1,"55":1,"56":1,"57":0,"58":1,"59":6,"60":6,"61":1,"62":2,"63":0,"64":2,"65":1,"66":1,"67":0,"68":0,"69":0,"70":0,"71":0,"72":0,"73":0,"74":0,"75":0,"76":0,"77":0,"78":0,"79":0,"80":0,"81":0,"82":0,"83":0},"b":{"1":[2,1,1,1],"2":[1,1,1,1],"3":[1,1],"4":[2,2],"5":[1,1],"6":[1,1],"7":[2,0],"8":[2,1,1,1,1,1],"9":[0,2,0],"10":[1,1],"11":[2,1,1],"12":[1,0],"13":[0,2],"14":[2,0,0,0,0,0,0],"15":[0,3],"16":[3,0],"17":[1,1],"18":[0,1],"19":[1,2,0,2],"20":[1,0],"21":[1,1],"22":[0,0],"23":[0,0],"24":[0,0],"25":[0,0],"26":[0,0],"27":[0,0],"28":[0,0]},"f":{"1":2,"2":2,"3":2,"4":2,"5":2,"6":2,"7":3,"8":3,"9":3,"10":1,"11":6,"12":0},"fnMap":{"1":{"name":"(anonymous_1)","line":26,"loc":{"start":{"line":26,"column":1},"end":{"line":26,"column":13}}},"2":{"name":"(anonymous_2)","line":33,"loc":{"start":{"line":33,"column":5},"end":{"line":33,"column":17}}},"3":{"name":"(anonymous_3)","line":37,"loc":{"start":{"line":37,"column":24},"end":{"line":37,"column":36}}},"4":{"name":"(anonymous_4)","line":69,"loc":{"start":{"line":69,"column":31},"end":{"line":69,"column":48}},"skip":true},"5":{"name":"(anonymous_5)","line":78,"loc":{"start":{"line":78,"column":26},"end":{"line":78,"column":45}},"skip":true},"6":{"name":"(anonymous_6)","line":123,"loc":{"start":{"line":123,"column":33},"end":{"line":123,"column":48}},"skip":true},"7":{"name":"(anonymous_7)","line":125,"loc":{"start":{"line":125,"column":27},"end":{"line":125,"column":39}},"skip":true},"8":{"name":"(anonymous_8)","line":133,"loc":{"start":{"line":133,"column":59},"end":{"line":133,"column":74}},"skip":true},"9":{"name":"(anonymous_9)","line":143,"loc":{"start":{"line":143,"column":45},"end":{"line":143,"column":62}},"skip":true},"10":{"name":"(anonymous_10)","line":144,"loc":{"start":{"line":144,"column":73},"end":{"line":144,"column":92}},"skip":true},"11":{"name":"(anonymous_11)","line":272,"loc":{"start":{"line":272,"column":51},"end":{"line":272,"column":77}},"skip":true},"12":{"name":"(anonymous_12)","line":315,"loc":{"start":{"line":315,"column":32},"end":{"line":315,"column":61}},"skip":true}},"statementMap":{"1":{"start":{"line":26,"column":0},"end":{"line":326,"column":5}},"2":{"start":{"line":28,"column":4},"end":{"line":28,"column":14}},"3":{"start":{"line":33,"column":4},"end":{"line":60,"column":9}},"4":{"start":{"line":35,"column":8},"end":{"line":35,"column":19}},"5":{"start":{"line":37,"column":8},"end":{"line":49,"column":13}},"6":{"start":{"line":38,"column":12},"end":{"line":48,"column":13}},"7":{"start":{"line":39,"column":16},"end":{"line":42,"column":30}},"8":{"start":{"line":44,"column":16},"end":{"line":47,"column":27}},"9":{"start":{"line":51,"column":8},"end":{"line":53,"column":21}},"10":{"start":{"line":55,"column":8},"end":{"line":57,"column":45}},"11":{"start":{"line":59,"column":8},"end":{"line":59,"column":35}},"12":{"start":{"line":61,"column":4},"end":{"line":325,"column":5}},"13":{"start":{"line":69,"column":8},"end":{"line":121,"column":10},"skip":true},"14":{"start":{"line":70,"column":12},"end":{"line":88,"column":13},"skip":true},"15":{"start":{"line":76,"column":16},"end":{"line":87,"column":19},"skip":true},"16":{"start":{"line":79,"column":20},"end":{"line":86,"column":21},"skip":true},"17":{"start":{"line":82,"column":24},"end":{"line":82,"column":43},"skip":true},"18":{"start":{"line":83,"column":24},"end":{"line":83,"column":30},"skip":true},"19":{"start":{"line":85,"column":24},"end":{"line":85,"column":49},"skip":true},"20":{"start":{"line":89,"column":12},"end":{"line":107,"column":13},"skip":true},"21":{"start":{"line":92,"column":16},"end":{"line":102,"column":17},"skip":true},"22":{"start":{"line":93,"column":20},"end":{"line":93,"column":86},"skip":true},"23":{"start":{"line":94,"column":20},"end":{"line":95,"column":45},"skip":true},"24":{"start":{"line":96,"column":20},"end":{"line":96,"column":42},"skip":true},"25":{"start":{"line":97,"column":20},"end":{"line":97,"column":48},"skip":true},"26":{"start":{"line":100,"column":20},"end":{"line":100,"column":85},"skip":true},"27":{"start":{"line":101,"column":20},"end":{"line":101,"column":96},"skip":true},"28":{"start":{"line":103,"column":16},"end":{"line":103,"column":22},"skip":true},"29":{"start":{"line":106,"column":16},"end":{"line":106,"column":22},"skip":true},"30":{"start":{"line":108,"column":12},"end":{"line":120,"column":13},"skip":true},"31":{"start":{"line":114,"column":16},"end":{"line":119,"column":17},"skip":true},"32":{"start":{"line":116,"column":20},"end":{"line":116,"column":78},"skip":true},"33":{"start":{"line":118,"column":20},"end":{"line":118,"column":47},"skip":true},"34":{"start":{"line":123,"column":8},"end":{"line":141,"column":11},"skip":true},"35":{"start":{"line":124,"column":12},"end":{"line":124,"column":54},"skip":true},"36":{"start":{"line":125,"column":12},"end":{"line":140,"column":14},"skip":true},"37":{"start":{"line":126,"column":16},"end":{"line":126,"column":28},"skip":true},"38":{"start":{"line":127,"column":16},"end":{"line":127,"column":69},"skip":true},"39":{"start":{"line":128,"column":16},"end":{"line":128,"column":75},"skip":true},"40":{"start":{"line":129,"column":16},"end":{"line":131,"column":17},"skip":true},"41":{"start":{"line":130,"column":20},"end":{"line":130,"column":27},"skip":true},"42":{"start":{"line":133,"column":16},"end":{"line":137,"column":36},"skip":true},"43":{"start":{"line":134,"column":20},"end":{"line":136,"column":55},"skip":true},"44":{"start":{"line":139,"column":16},"end":{"line":139,"column":57},"skip":true},"45":{"start":{"line":143,"column":8},"end":{"line":147,"column":11},"skip":true},"46":{"start":{"line":144,"column":12},"end":{"line":146,"column":15},"skip":true},"47":{"start":{"line":145,"column":16},"end":{"line":145,"column":70},"skip":true},"48":{"start":{"line":149,"column":8},"end":{"line":149,"column":31},"skip":true},"49":{"start":{"line":150,"column":8},"end":{"line":150,"column":14},"skip":true},"50":{"start":{"line":158,"column":8},"end":{"line":158,"column":31},"skip":true},"51":{"start":{"line":160,"column":8},"end":{"line":160,"column":33},"skip":true},"52":{"start":{"line":161,"column":8},"end":{"line":161,"column":37},"skip":true},"53":{"start":{"line":162,"column":8},"end":{"line":162,"column":35},"skip":true},"54":{"start":{"line":164,"column":8},"end":{"line":164,"column":50},"skip":true},"55":{"start":{"line":166,"column":8},"end":{"line":256,"column":2},"skip":true},"56":{"start":{"line":258,"column":8},"end":{"line":286,"column":9},"skip":true},"57":{"start":{"line":259,"column":12},"end":{"line":269,"column":14},"skip":true},"58":{"start":{"line":271,"column":12},"end":{"line":285,"column":19},"skip":true},"59":{"start":{"line":274,"column":20},"end":{"line":274,"column":35},"skip":true},"60":{"start":{"line":275,"column":20},"end":{"line":284,"column":21},"skip":true},"61":{"start":{"line":277,"column":24},"end":{"line":277,"column":64},"skip":true},"62":{"start":{"line":279,"column":24},"end":{"line":279,"column":40},"skip":true},"63":{"start":{"line":281,"column":24},"end":{"line":281,"column":40},"skip":true},"64":{"start":{"line":283,"column":24},"end":{"line":283,"column":39},"skip":true},"65":{"start":{"line":288,"column":8},"end":{"line":290,"column":9},"skip":true},"66":{"start":{"line":289,"column":12},"end":{"line":289,"column":18},"skip":true},"67":{"start":{"line":291,"column":8},"end":{"line":293,"column":54},"skip":true},"68":{"start":{"line":296,"column":8},"end":{"line":301,"column":37},"skip":true},"69":{"start":{"line":303,"column":8},"end":{"line":303,"column":82},"skip":true},"70":{"start":{"line":306,"column":8},"end":{"line":308,"column":9},"skip":true},"71":{"start":{"line":307,"column":12},"end":{"line":307,"column":82},"skip":true},"72":{"start":{"line":310,"column":8},"end":{"line":312,"column":9},"skip":true},"73":{"start":{"line":311,"column":12},"end":{"line":311,"column":18},"skip":true},"74":{"start":{"line":313,"column":8},"end":{"line":313,"column":54},"skip":true},"75":{"start":{"line":314,"column":8},"end":{"line":314,"column":69},"skip":true},"76":{"start":{"line":315,"column":8},"end":{"line":323,"column":36},"skip":true},"77":{"start":{"line":316,"column":12},"end":{"line":316,"column":61},"skip":true},"78":{"start":{"line":317,"column":12},"end":{"line":320,"column":13},"skip":true},"79":{"start":{"line":318,"column":16},"end":{"line":318,"column":75},"skip":true},"80":{"start":{"line":319,"column":16},"end":{"line":319,"column":23},"skip":true},"81":{"start":{"line":321,"column":12},"end":{"line":321,"column":38},"skip":true},"82":{"start":{"line":322,"column":12},"end":{"line":322,"column":27},"skip":true},"83":{"start":{"line":324,"column":8},"end":{"line":324,"column":14},"skip":true}},"branchMap":{"1":{"line":39,"type":"binary-expr","locations":[{"start":{"line":39,"column":23},"end":{"line":39,"column":62}},{"start":{"line":40,"column":20},"end":{"line":40,"column":70}},{"start":{"line":41,"column":20},"end":{"line":41,"column":71}},{"start":{"line":42,"column":20},"end":{"line":42,"column":29}}]},"2":{"line":44,"type":"binary-expr","locations":[{"start":{"line":44,"column":23},"end":{"line":44,"column":37}},{"start":{"line":45,"column":20},"end":{"line":45,"column":61}},{"start":{"line":46,"column":20},"end":{"line":46,"column":70}},{"start":{"line":47,"column":20},"end":{"line":47,"column":26}}]},"3":{"line":51,"type":"cond-expr","locations":[{"start":{"line":52,"column":14},"end":{"line":52,"column":20}},{"start":{"line":53,"column":14},"end":{"line":53,"column":20}}]},"4":{"line":55,"type":"binary-expr","locations":[{"start":{"line":55,"column":16},"end":{"line":55,"column":44}},{"start":{"line":55,"column":49},"end":{"line":57,"column":43}}]},"5":{"line":55,"type":"cond-expr","locations":[{"start":{"line":56,"column":14},"end":{"line":56,"column":61}},{"start":{"line":57,"column":14},"end":{"line":57,"column":43}}]},"6":{"line":61,"type":"switch","locations":[{"start":{"line":68,"column":4},"end":{"line":150,"column":14},"skip":true},{"start":{"line":156,"column":4},"end":{"line":324,"column":14},"skip":true}]},"7":{"line":70,"type":"if","locations":[{"start":{"line":70,"column":12},"end":{"line":70,"column":12},"skip":true},{"start":{"line":70,"column":12},"end":{"line":70,"column":12},"skip":true}]},"8":{"line":70,"type":"binary-expr","locations":[{"start":{"line":70,"column":16},"end":{"line":70,"column":22},"skip":true},{"start":{"line":70,"column":27},"end":{"line":70,"column":32},"skip":true},{"start":{"line":71,"column":20},"end":{"line":71,"column":39},"skip":true},{"start":{"line":72,"column":20},"end":{"line":72,"column":49},"skip":true},{"start":{"line":73,"column":20},"end":{"line":73,"column":58},"skip":true},{"start":{"line":74,"column":20},"end":{"line":74,"column":69},"skip":true}]},"9":{"line":79,"type":"switch","locations":[{"start":{"line":80,"column":20},"end":{"line":80,"column":33},"skip":true},{"start":{"line":81,"column":20},"end":{"line":83,"column":30},"skip":true},{"start":{"line":84,"column":20},"end":{"line":85,"column":49},"skip":true}]},"10":{"line":89,"type":"switch","locations":[{"start":{"line":90,"column":12},"end":{"line":103,"column":22},"skip":true},{"start":{"line":105,"column":12},"end":{"line":106,"column":22},"skip":true}]},"11":{"line":89,"type":"binary-expr","locations":[{"start":{"line":89,"column":20},"end":{"line":89,"column":25},"skip":true},{"start":{"line":89,"column":29},"end":{"line":89,"column":48},"skip":true},{"start":{"line":89,"column":52},"end":{"line":89,"column":74},"skip":true}]},"12":{"line":92,"type":"if","locations":[{"start":{"line":92,"column":16},"end":{"line":92,"column":16},"skip":true},{"start":{"line":92,"column":16},"end":{"line":92,"column":16},"skip":true}]},"13":{"line":108,"type":"if","locations":[{"start":{"line":108,"column":12},"end":{"line":108,"column":12},"skip":true},{"start":{"line":108,"column":12},"end":{"line":108,"column":12},"skip":true}]},"14":{"line":108,"type":"binary-expr","locations":[{"start":{"line":108,"column":16},"end":{"line":108,"column":61},"skip":true},{"start":{"line":108,"column":66},"end":{"line":108,"column":72},"skip":true},{"start":{"line":108,"column":77},"end":{"line":108,"column":82},"skip":true},{"start":{"line":109,"column":20},"end":{"line":109,"column":39},"skip":true},{"start":{"line":110,"column":20},"end":{"line":110,"column":49},"skip":true},{"start":{"line":111,"column":20},"end":{"line":111,"column":58},"skip":true},{"start":{"line":112,"column":20},"end":{"line":112,"column":68},"skip":true}]},"15":{"line":129,"type":"if","locations":[{"start":{"line":129,"column":16},"end":{"line":129,"column":16},"skip":true},{"start":{"line":129,"column":16},"end":{"line":129,"column":16},"skip":true}]},"16":{"line":134,"type":"cond-expr","locations":[{"start":{"line":135,"column":26},"end":{"line":135,"column":29},"skip":true},{"start":{"line":136,"column":26},"end":{"line":136,"column":54},"skip":true}]},"17":{"line":164,"type":"binary-expr","locations":[{"start":{"line":164,"column":27},"end":{"line":164,"column":43},"skip":true},{"start":{"line":164,"column":47},"end":{"line":164,"column":49},"skip":true}]},"18":{"line":258,"type":"if","locations":[{"start":{"line":258,"column":8},"end":{"line":258,"column":8},"skip":true},{"start":{"line":258,"column":8},"end":{"line":258,"column":8},"skip":true}]},"19":{"line":275,"type":"switch","locations":[{"start":{"line":276,"column":20},"end":{"line":277,"column":64},"skip":true},{"start":{"line":278,"column":20},"end":{"line":279,"column":40},"skip":true},{"start":{"line":280,"column":20},"end":{"line":281,"column":40},"skip":true},{"start":{"line":282,"column":20},"end":{"line":283,"column":39},"skip":true}]},"20":{"line":288,"type":"if","locations":[{"start":{"line":288,"column":8},"end":{"line":288,"column":8},"skip":true},{"start":{"line":288,"column":8},"end":{"line":288,"column":8},"skip":true}]},"21":{"line":288,"type":"binary-expr","locations":[{"start":{"line":288,"column":12},"end":{"line":288,"column":40},"skip":true},{"start":{"line":288,"column":44},"end":{"line":288,"column":67},"skip":true}]},"22":{"line":292,"type":"binary-expr","locations":[{"start":{"line":292,"column":12},"end":{"line":292,"column":50},"skip":true},{"start":{"line":293,"column":12},"end":{"line":293,"column":53},"skip":true}]},"23":{"line":297,"type":"binary-expr","locations":[{"start":{"line":297,"column":12},"end":{"line":297,"column":75},"skip":true},{"start":{"line":298,"column":12},"end":{"line":301,"column":36},"skip":true}]},"24":{"line":303,"type":"binary-expr","locations":[{"start":{"line":303,"column":43},"end":{"line":303,"column":75},"skip":true},{"start":{"line":303,"column":79},"end":{"line":303,"column":81},"skip":true}]},"25":{"line":306,"type":"if","locations":[{"start":{"line":306,"column":8},"end":{"line":306,"column":8},"skip":true},{"start":{"line":306,"column":8},"end":{"line":306,"column":8},"skip":true}]},"26":{"line":310,"type":"if","locations":[{"start":{"line":310,"column":8},"end":{"line":310,"column":8},"skip":true},{"start":{"line":310,"column":8},"end":{"line":310,"column":8},"skip":true}]},"27":{"line":313,"type":"binary-expr","locations":[{"start":{"line":313,"column":27},"end":{"line":313,"column":43},"skip":true},{"start":{"line":313,"column":47},"end":{"line":313,"column":53},"skip":true}]},"28":{"line":317,"type":"if","locations":[{"start":{"line":317,"column":12},"end":{"line":317,"column":12},"skip":true},{"start":{"line":317,"column":12},"end":{"line":317,"column":12},"skip":true}]}},"code":["/*","example.js","","quickstart example","","instruction","    1. save this script as example.js","    2. run the shell command:","        $ npm install npmtest-electron-osx-sign && PORT=8081 node example.js","    3. play with the browser-demo on http://127.0.0.1:8081","*/","","","","/* istanbul instrument in package npmtest_electron_osx_sign */","/*jslint","    bitwise: true,","    browser: true,","    maxerr: 8,","    maxlen: 96,","    node: true,","    nomen: true,","    regexp: true,","    stupid: true","*/","(function () {","    'use strict';","    var local;","","","","    // run shared js-env code - pre-init","    (function () {","        // init local","        local = {};","        // init modeJs","        local.modeJs = (function () {","            try {","                return typeof navigator.userAgent === 'string' &&","                    typeof document.querySelector('body') === 'object' &&","                    typeof XMLHttpRequest.prototype.open === 'function' &&","                    'browser';","            } catch (errorCaughtBrowser) {","                return module.exports &&","                    typeof process.versions.node === 'string' &&","                    typeof require('http').createServer === 'function' &&","                    'node';","            }","        }());","        // init global","        local.global = local.modeJs === 'browser'","            ? window","            : global;","        // init utility2_rollup","        local = local.global.utility2_rollup || (local.modeJs === 'browser'","            ? local.global.utility2_npmtest_electron_osx_sign","            : global.utility2_moduleExports);","        // export local","        local.global.local = local;","    }());","    switch (local.modeJs) {","","","","    // post-init","    // run browser js-env code - post-init","    /* istanbul ignore next */","    case 'browser':","        local.testRunBrowser = function (event) {","            if (!event || (event &&","                    event.currentTarget &&","                    event.currentTarget.className &&","                    event.currentTarget.className.includes &&","                    event.currentTarget.className.includes('onreset'))) {","                // reset output","                Array.from(","                    document.querySelectorAll('body > .resettable')","                ).forEach(function (element) {","                    switch (element.tagName) {","                    case 'INPUT':","                    case 'TEXTAREA':","                        element.value = '';","                        break;","                    default:","                        element.textContent = '';","                    }","                });","            }","            switch (event && event.currentTarget && event.currentTarget.id) {","            case 'testRunButton1':","                // show tests","                if (document.querySelector('#testReportDiv1').style.display === 'none') {","                    document.querySelector('#testReportDiv1').style.display = 'block';","                    document.querySelector('#testRunButton1').textContent =","                        'hide internal test';","                    local.modeTest = true;","                    local.testRunDefault(local);","                // hide tests","                } else {","                    document.querySelector('#testReportDiv1').style.display = 'none';","                    document.querySelector('#testRunButton1').textContent = 'run internal test';","                }","                break;","            // custom-case","            default:","                break;","            }","            if (document.querySelector('#inputTextareaEval1') && (!event || (event &&","                    event.currentTarget &&","                    event.currentTarget.className &&","                    event.currentTarget.className.includes &&","                    event.currentTarget.className.includes('oneval')))) {","                // try to eval input-code","                try {","                    /*jslint evil: true*/","                    eval(document.querySelector('#inputTextareaEval1').value);","                } catch (errorCaught) {","                    console.error(errorCaught);","                }","            }","        };","        // log stderr and stdout to #outputTextareaStdout1","        ['error', 'log'].forEach(function (key) {","            console[key + '_original'] = console[key];","            console[key] = function () {","                var element;","                console[key + '_original'].apply(console, arguments);","                element = document.querySelector('#outputTextareaStdout1');","                if (!element) {","                    return;","                }","                // append text to #outputTextareaStdout1","                element.value += Array.from(arguments).map(function (arg) {","                    return typeof arg === 'string'","                        ? arg","                        : JSON.stringify(arg, null, 4);","                }).join(' ') + '\\n';","                // scroll textarea to bottom","                element.scrollTop = element.scrollHeight;","            };","        });","        // init event-handling","        ['change', 'click', 'keyup'].forEach(function (event) {","            Array.from(document.querySelectorAll('.on' + event)).forEach(function (element) {","                element.addEventListener(event, local.testRunBrowser);","            });","        });","        // run tests","        local.testRunBrowser();","        break;","","","","    // run node js-env code - post-init","    /* istanbul ignore next */","    case 'node':","        // export local","        module.exports = local;","        // require modules","        local.fs = require('fs');","        local.http = require('http');","        local.url = require('url');","        // init assets","        local.assetsDict = local.assetsDict || {};","        /* jslint-ignore-begin */","        local.assetsDict['/assets.index.template.html'] = '\\","<!doctype html>\\n\\","<html lang=\"en\">\\n\\","<head>\\n\\","<meta charset=\"UTF-8\">\\n\\","<meta name=\"viewport\" content=\"width=device-width, initial-scale=1\">\\n\\","<title>{{env.npm_package_name}} (v{{env.npm_package_version}})</title>\\n\\","<style>\\n\\","/*csslint\\n\\","    box-sizing: false,\\n\\","    universal-selector: false\\n\\","*/\\n\\","* {\\n\\","    box-sizing: border-box;\\n\\","}\\n\\","body {\\n\\","    background: #dde;\\n\\","    font-family: Arial, Helvetica, sans-serif;\\n\\","    margin: 2rem;\\n\\","}\\n\\","body > * {\\n\\","    margin-bottom: 1rem;\\n\\","}\\n\\",".utility2FooterDiv {\\n\\","    margin-top: 20px;\\n\\","    text-align: center;\\n\\","}\\n\\","</style>\\n\\","<style>\\n\\","/*csslint\\n\\","*/\\n\\","textarea {\\n\\","    font-family: monospace;\\n\\","    height: 10rem;\\n\\","    width: 100%;\\n\\","}\\n\\","textarea[readonly] {\\n\\","    background: #ddd;\\n\\","}\\n\\","</style>\\n\\","</head>\\n\\","<body>\\n\\","<!-- utility2-comment\\n\\","<div id=\"ajaxProgressDiv1\" style=\"background: #d00; height: 2px; left: 0; margin: 0; padding: 0; position: fixed; top: 0; transition: background 0.5s, width 1.5s; width: 25%;\"></div>\\n\\","utility2-comment -->\\n\\","<h1>\\n\\","<!-- utility2-comment\\n\\","    <a\\n\\","        {{#if env.npm_package_homepage}}\\n\\","        href=\"{{env.npm_package_homepage}}\"\\n\\","        {{/if env.npm_package_homepage}}\\n\\","        target=\"_blank\"\\n\\","    >\\n\\","utility2-comment -->\\n\\","        {{env.npm_package_name}} (v{{env.npm_package_version}})\\n\\","<!-- utility2-comment\\n\\","    </a>\\n\\","utility2-comment -->\\n\\","</h1>\\n\\","<h3>{{env.npm_package_description}}</h3>\\n\\","<!-- utility2-comment\\n\\","<h4><a download href=\"assets.app.js\">download standalone app</a></h4>\\n\\","<button class=\"onclick onreset\" id=\"testRunButton1\">run internal test</button><br>\\n\\","<div id=\"testReportDiv1\" style=\"display: none;\"></div>\\n\\","utility2-comment -->\\n\\","\\n\\","\\n\\","\\n\\","<label>stderr and stdout</label>\\n\\","<textarea class=\"resettable\" id=\"outputTextareaStdout1\" readonly></textarea>\\n\\","<!-- utility2-comment\\n\\","{{#if isRollup}}\\n\\","<script src=\"assets.app.js\"></script>\\n\\","{{#unless isRollup}}\\n\\","utility2-comment -->\\n\\","<script src=\"assets.utility2.rollup.js\"></script>\\n\\","<script src=\"jsonp.utility2._stateInit?callback=window.utility2._stateInit\"></script>\\n\\","<script src=\"assets.npmtest_electron_osx_sign.rollup.js\"></script>\\n\\","<script src=\"assets.example.js\"></script>\\n\\","<script src=\"assets.test.js\"></script>\\n\\","<!-- utility2-comment\\n\\","{{/if isRollup}}\\n\\","utility2-comment -->\\n\\","<div class=\"utility2FooterDiv\">\\n\\","    [ this app was created with\\n\\","    <a href=\"https://github.com/kaizhu256/node-utility2\" target=\"_blank\">utility2</a>\\n\\","    ]\\n\\","</div>\\n\\","</body>\\n\\","</html>\\n\\","';","        /* jslint-ignore-end */","        if (local.templateRender) {","            local.assetsDict['/'] = local.templateRender(","                local.assetsDict['/assets.index.template.html'],","                {","                    env: local.objectSetDefault(local.env, {","                        npm_package_description: 'the greatest app in the world!',","                        npm_package_name: 'my-app',","                        npm_package_nameAlias: 'my_app',","                        npm_package_version: '0.0.1'","                    })","                }","            );","        } else {","            local.assetsDict['/'] = local.assetsDict['/assets.index.template.html']","                .replace((/\\{\\{env\\.(\\w+?)\\}\\}/g), function (match0, match1) {","                    // jslint-hack","                    String(match0);","                    switch (match1) {","                    case 'npm_package_description':","                        return 'the greatest app in the world!';","                    case 'npm_package_name':","                        return 'my-app';","                    case 'npm_package_nameAlias':","                        return 'my_app';","                    case 'npm_package_version':","                        return '0.0.1';","                    }","                });","        }","        // run the cli","        if (local.global.utility2_rollup || module !== require.main) {","            break;","        }","        local.assetsDict['/assets.example.js'] =","            local.assetsDict['/assets.example.js'] ||","            local.fs.readFileSync(__filename, 'utf8');","        // bug-workaround - long $npm_package_buildCustomOrg","        /* jslint-ignore-begin */","        local.assetsDict['/assets.npmtest_electron_osx_sign.rollup.js'] =","            local.assetsDict['/assets.npmtest_electron_osx_sign.rollup.js'] ||","            local.fs.readFileSync(","                local.npmtest_electron_osx_sign.__dirname + '/lib.npmtest_electron_osx_sign.js',","                'utf8'","            ).replace((/^#!/), '//');","        /* jslint-ignore-end */","        local.assetsDict['/favicon.ico'] = local.assetsDict['/favicon.ico'] || '';","        // if $npm_config_timeout_exit exists,","        // then exit this process after $npm_config_timeout_exit ms","        if (Number(process.env.npm_config_timeout_exit)) {","            setTimeout(process.exit, Number(process.env.npm_config_timeout_exit));","        }","        // start server","        if (local.global.utility2_serverHttp1) {","            break;","        }","        process.env.PORT = process.env.PORT || '8081';","        console.error('server starting on port ' + process.env.PORT);","        local.http.createServer(function (request, response) {","            request.urlParsed = local.url.parse(request.url);","            if (local.assetsDict[request.urlParsed.pathname] !== undefined) {","                response.end(local.assetsDict[request.urlParsed.pathname]);","                return;","            }","            response.statusCode = 404;","            response.end();","        }).listen(process.env.PORT);","        break;","    }","}());",""],"l":{"26":2,"28":2,"33":2,"35":2,"37":2,"38":2,"39":2,"44":1,"51":2,"55":2,"59":2,"61":2,"69":1,"70":2,"76":2,"79":2,"82":2,"83":2,"85":1,"89":2,"92":1,"93":1,"94":1,"96":1,"97":1,"100":1,"101":1,"103":1,"106":1,"108":2,"114":1,"116":1,"118":1,"123":1,"124":2,"125":2,"126":3,"127":3,"128":3,"129":3,"130":1,"133":3,"134":3,"139":3,"143":1,"144":3,"145":1,"149":1,"150":1,"158":1,"160":1,"161":1,"162":1,"164":1,"166":1,"258":1,"259":1,"271":1,"274":6,"275":6,"277":1,"279":2,"281":1,"283":2,"288":1,"289":1,"291":1,"296":1,"303":1,"306":1,"307":1,"310":1,"311":1,"313":1,"314":1,"315":1,"316":1,"317":1,"318":1,"319":1,"321":1,"322":1,"324":1}},"/home/travis/build/npmtest/node-npmtest-electron-osx-sign/node_modules/electron-osx-sign/index.js":{"path":"/home/travis/build/npmtest/node-npmtest-electron-osx-sign/node_modules/electron-osx-sign/index.js","s":{"1":1,"2":1,"3":1,"4":1,"5":1,"6":1,"7":1},"b":{},"f":{},"fnMap":{},"statementMap":{"1":{"start":{"line":7,"column":0},"end":{"line":7,"column":30}},"2":{"start":{"line":8,"column":0},"end":{"line":8,"column":30}},"3":{"start":{"line":15,"column":0},"end":{"line":15,"column":26}},"4":{"start":{"line":23,"column":0},"end":{"line":23,"column":31}},"5":{"start":{"line":31,"column":0},"end":{"line":31,"column":41}},"6":{"start":{"line":39,"column":0},"end":{"line":39,"column":31}},"7":{"start":{"line":47,"column":0},"end":{"line":47,"column":41}}},"branchMap":{},"code":["/**"," * @module electron-osx-sign"," */","","'use strict'","","const sign = require('./sign')","const flat = require('./flat')","","/**"," * This function is a normal callback implementation."," * @param {Object} opts - Options."," * @param {RequestCallback} cb - Callback."," */","module.exports = sign.sign // Aliasing","","/**"," * This function is a normal callback implementation."," * @function"," * @param {Object} opts - Options."," * @param {RequestCallback} cb - Callback."," */","module.exports.sign = sign.sign","","/**"," * This function returns a promise signing the application."," * @function"," * @param {mixed} opts - Options."," * @returns {Promise} Promise."," */","module.exports.signAsync = sign.signAsync","","/**"," * This function is exported with normal callback implementation."," * @function"," * @param {Object} opts - Options."," * @param {RequestCallback} cb - Callback."," */","module.exports.flat = flat.flat","","/**"," * This function is exported and returns a promise flattening the application."," * @function"," * @param {Object} opts - Options."," * @returns {Promise} Promise."," */","module.exports.flatAsync = flat.flatAsync",""],"l":{"7":1,"8":1,"15":1,"23":1,"31":1,"39":1,"47":1}},"/home/travis/build/npmtest/node-npmtest-electron-osx-sign/node_modules/electron-osx-sign/sign.js":{"path":"/home/travis/build/npmtest/node-npmtest-electron-osx-sign/node_modules/electron-osx-sign/sign.js","s":{"1":1,"2":1,"3":1,"4":1,"5":1,"6":1,"7":1,"8":1,"9":1,"10":1,"11":1,"12":1,"13":1,"14":1,"15":1,"16":0,"17":0,"18":0,"19":0,"20":0,"21":0,"22":1,"23":1,"24":1,"25":0,"26":0,"27":1,"28":0,"29":0,"30":1,"31":0,"32":0,"33":1,"34":1,"35":0,"36":1,"37":0,"38":0,"39":0,"40":0,"41":0,"42":0,"43":0,"44":0,"45":0,"46":1,"47":0,"48":1,"49":0,"50":0,"51":0,"52":0,"53":0,"54":0,"55":0,"56":0,"57":0,"58":0,"59":0,"60":0,"61":0,"62":0,"63":0,"64":0,"65":0,"66":0,"67":0,"68":0,"69":0,"70":0,"71":0,"72":0,"73":0,"74":0,"75":0,"76":0,"77":0,"78":0,"79":0,"80":0,"81":0,"82":0,"83":0,"84":0,"85":0,"86":0,"87":0,"88":0,"89":0,"90":1,"91":1,"92":0,"93":0,"94":0,"95":0,"96":0,"97":0,"98":0,"99":0,"100":0,"101":0,"102":0,"103":0,"104":0,"105":0,"106":0,"107":0,"108":0,"109":0,"110":0,"111":0,"112":0,"113":0,"114":0,"115":0,"116":0,"117":0,"118":0,"119":0,"120":0,"121":0,"122":0,"123":0,"124":0,"125":0,"126":0,"127":0,"128":0,"129":0,"130":0,"131":0,"132":0,"133":0,"134":0,"135":0,"136":0,"137":0,"138":0,"139":0,"140":0,"141":0,"142":0,"143":0,"144":0,"145":0,"146":0,"147":0,"148":0,"149":1,"150":1,"151":0,"152":0,"153":0,"154":0,"155":0,"156":0,"157":0,"158":0,"159":0,"160":0,"161":0},"b":{"1":[0,0],"2":[0,0],"3":[0,1],"4":[0,0],"5":[0,0],"6":[0,1],"7":[0,0],"8":[0,0],"9":[0,1],"10":[0,0],"11":[0,0],"12":[0,0],"13":[0,0],"14":[0,0],"15":[0,0],"16":[0,0],"17":[0,0],"18":[0,0],"19":[0,0],"20":[0,0],"21":[0,0],"22":[0,0],"23":[0,0],"24":[0,0],"25":[0,0],"26":[0,0],"27":[0,0],"28":[0,0],"29":[0,0],"30":[0,0],"31":[0,0],"32":[0,0],"33":[0,0],"34":[0,0],"35":[0,0],"36":[0,0],"37":[0,0],"38":[0,0],"39":[0,0],"40":[0,0,0],"41":[0,0],"42":[0,0],"43":[0,0],"44":[0,0]},"f":{"1":0,"2":0,"3":1,"4":0,"5":0,"6":0,"7":0,"8":0,"9":0,"10":0,"11":0,"12":0,"13":0,"14":0,"15":0,"16":0,"17":0,"18":1,"19":0,"20":0,"21":0,"22":0,"23":0,"24":0,"25":0,"26":1,"27":0,"28":0},"fnMap":{"1":{"name":"validateOptsBinariesAsync","line":30,"loc":{"start":{"line":30,"column":0},"end":{"line":30,"column":42}}},"2":{"name":"(anonymous_2)","line":31,"loc":{"start":{"line":31,"column":21},"end":{"line":31,"column":48}}},"3":{"name":"validateSignOptsAsync","line":49,"loc":{"start":{"line":49,"column":0},"end":{"line":49,"column":38}}},"4":{"name":"(anonymous_4)","line":70,"loc":{"start":{"line":70,"column":5},"end":{"line":70,"column":25}}},"5":{"name":"verifySignApplicationAsync","line":81,"loc":{"start":{"line":81,"column":0},"end":{"line":81,"column":43}}},"6":{"name":"(anonymous_6)","line":97,"loc":{"start":{"line":97,"column":12},"end":{"line":97,"column":24}}},"7":{"name":"signApplicationAsync","line":120,"loc":{"start":{"line":120,"column":0},"end":{"line":120,"column":37}}},"8":{"name":"(anonymous_8)","line":122,"loc":{"start":{"line":122,"column":10},"end":{"line":122,"column":32}}},"9":{"name":"ignoreFilePath","line":123,"loc":{"start":{"line":123,"column":6},"end":{"line":123,"column":47}}},"10":{"name":"(anonymous_10)","line":150,"loc":{"start":{"line":150,"column":48},"end":{"line":150,"column":68}}},"11":{"name":"(anonymous_11)","line":158,"loc":{"start":{"line":158,"column":16},"end":{"line":158,"column":28}}},"12":{"name":"(anonymous_12)","line":164,"loc":{"start":{"line":164,"column":48},"end":{"line":164,"column":68}}},"13":{"name":"(anonymous_13)","line":172,"loc":{"start":{"line":172,"column":16},"end":{"line":172,"column":28}}},"14":{"name":"(anonymous_14)","line":179,"loc":{"start":{"line":179,"column":14},"end":{"line":179,"column":26}}},"15":{"name":"(anonymous_15)","line":183,"loc":{"start":{"line":183,"column":18},"end":{"line":183,"column":36}}},"16":{"name":"(anonymous_16)","line":190,"loc":{"start":{"line":190,"column":20},"end":{"line":190,"column":32}}},"17":{"name":"(anonymous_17)","line":198,"loc":{"start":{"line":198,"column":20},"end":{"line":198,"column":38}}},"18":{"name":"(anonymous_18)","line":215,"loc":{"start":{"line":215,"column":43},"end":{"line":215,"column":59}}},"19":{"name":"(anonymous_19)","line":217,"loc":{"start":{"line":217,"column":10},"end":{"line":217,"column":22}}},"20":{"name":"(anonymous_20)","line":242,"loc":{"start":{"line":242,"column":14},"end":{"line":242,"column":36}}},"21":{"name":"(anonymous_21)","line":257,"loc":{"start":{"line":257,"column":10},"end":{"line":257,"column":22}}},"22":{"name":"(anonymous_22)","line":299,"loc":{"start":{"line":299,"column":10},"end":{"line":299,"column":22}}},"23":{"name":"(anonymous_23)","line":323,"loc":{"start":{"line":323,"column":50},"end":{"line":323,"column":78}}},"24":{"name":"(anonymous_24)","line":327,"loc":{"start":{"line":327,"column":10},"end":{"line":327,"column":22}}},"25":{"name":"(anonymous_25)","line":337,"loc":{"start":{"line":337,"column":10},"end":{"line":337,"column":22}}},"26":{"name":"(anonymous_26)","line":349,"loc":{"start":{"line":349,"column":22},"end":{"line":349,"column":42}}},"27":{"name":"(anonymous_27)","line":351,"loc":{"start":{"line":351,"column":10},"end":{"line":351,"column":22}}},"28":{"name":"(anonymous_28)","line":355,"loc":{"start":{"line":355,"column":11},"end":{"line":355,"column":26}}}},"statementMap":{"1":{"start":{"line":7,"column":0},"end":{"line":7,"column":28}},"2":{"start":{"line":9,"column":0},"end":{"line":9,"column":35}},"3":{"start":{"line":10,"column":0},"end":{"line":10,"column":49}},"4":{"start":{"line":12,"column":0},"end":{"line":12,"column":30}},"5":{"start":{"line":13,"column":0},"end":{"line":13,"column":30}},"6":{"start":{"line":14,"column":0},"end":{"line":14,"column":32}},"7":{"start":{"line":15,"column":0},"end":{"line":15,"column":50}},"8":{"start":{"line":16,"column":0},"end":{"line":16,"column":40}},"9":{"start":{"line":17,"column":0},"end":{"line":17,"column":54}},"10":{"start":{"line":18,"column":0},"end":{"line":18,"column":64}},"11":{"start":{"line":19,"column":0},"end":{"line":19,"column":32}},"12":{"start":{"line":20,"column":0},"end":{"line":20,"column":76}},"13":{"start":{"line":21,"column":0},"end":{"line":21,"column":103}},"14":{"start":{"line":22,"column":0},"end":{"line":22,"column":78}},"15":{"start":{"line":30,"column":0},"end":{"line":41,"column":1}},"16":{"start":{"line":31,"column":2},"end":{"line":40,"column":4}},"17":{"start":{"line":32,"column":4},"end":{"line":38,"column":5}},"18":{"start":{"line":33,"column":6},"end":{"line":36,"column":7}},"19":{"start":{"line":34,"column":8},"end":{"line":34,"column":68}},"20":{"start":{"line":35,"column":8},"end":{"line":35,"column":14}},"21":{"start":{"line":39,"column":4},"end":{"line":39,"column":13}},"22":{"start":{"line":49,"column":0},"end":{"line":73,"column":1}},"23":{"start":{"line":50,"column":2},"end":{"line":50,"column":89}},"24":{"start":{"line":52,"column":2},"end":{"line":54,"column":3}},"25":{"start":{"line":53,"column":4},"end":{"line":53,"column":168}},"26":{"start":{"line":53,"column":78},"end":{"line":53,"column":168}},"27":{"start":{"line":56,"column":2},"end":{"line":58,"column":3}},"28":{"start":{"line":57,"column":4},"end":{"line":57,"column":240}},"29":{"start":{"line":57,"column":124},"end":{"line":57,"column":240}},"30":{"start":{"line":60,"column":2},"end":{"line":64,"column":3}},"31":{"start":{"line":61,"column":4},"end":{"line":61,"column":163}},"32":{"start":{"line":61,"column":75},"end":{"line":61,"column":163}},"33":{"start":{"line":63,"column":4},"end":{"line":63,"column":33}},"34":{"start":{"line":66,"column":2},"end":{"line":72,"column":4}},"35":{"start":{"line":71,"column":4},"end":{"line":71,"column":25}},"36":{"start":{"line":81,"column":0},"end":{"line":112,"column":1}},"37":{"start":{"line":83,"column":2},"end":{"line":83,"column":49}},"38":{"start":{"line":84,"column":2},"end":{"line":84,"column":41}},"39":{"start":{"line":85,"column":2},"end":{"line":85,"column":59}},"40":{"start":{"line":86,"column":2},"end":{"line":92,"column":18}},"41":{"start":{"line":95,"column":2},"end":{"line":108,"column":3}},"42":{"start":{"line":96,"column":4},"end":{"line":107,"column":8}},"43":{"start":{"line":98,"column":8},"end":{"line":98,"column":74}},"44":{"start":{"line":99,"column":8},"end":{"line":106,"column":10}},"45":{"start":{"line":110,"column":2},"end":{"line":111,"column":17}},"46":{"start":{"line":120,"column":0},"end":{"line":207,"column":1}},"47":{"start":{"line":121,"column":2},"end":{"line":206,"column":6}},"48":{"start":{"line":123,"column":6},"end":{"line":132,"column":7}},"49":{"start":{"line":124,"column":8},"end":{"line":130,"column":9}},"50":{"start":{"line":125,"column":10},"end":{"line":129,"column":11}},"51":{"start":{"line":126,"column":12},"end":{"line":126,"column":40}},"52":{"start":{"line":127,"column":17},"end":{"line":129,"column":11}},"53":{"start":{"line":128,"column":12},"end":{"line":128,"column":46}},"54":{"start":{"line":131,"column":8},"end":{"line":131,"column":20}},"55":{"start":{"line":134,"column":6},"end":{"line":134,"column":70}},"56":{"start":{"line":134,"column":25},"end":{"line":134,"column":70}},"57":{"start":{"line":136,"column":6},"end":{"line":139,"column":7}},"58":{"start":{"line":140,"column":6},"end":{"line":142,"column":7}},"59":{"start":{"line":141,"column":8},"end":{"line":141,"column":46}},"60":{"start":{"line":143,"column":6},"end":{"line":145,"column":7}},"61":{"start":{"line":144,"column":8},"end":{"line":144,"column":54}},"62":{"start":{"line":147,"column":6},"end":{"line":147,"column":17}},"63":{"start":{"line":148,"column":6},"end":{"line":176,"column":7}},"64":{"start":{"line":150,"column":8},"end":{"line":161,"column":12}},"65":{"start":{"line":151,"column":10},"end":{"line":154,"column":11}},"66":{"start":{"line":152,"column":12},"end":{"line":152,"column":46}},"67":{"start":{"line":153,"column":12},"end":{"line":153,"column":18}},"68":{"start":{"line":155,"column":10},"end":{"line":155,"column":44}},"69":{"start":{"line":156,"column":10},"end":{"line":156,"column":113}},"70":{"start":{"line":159,"column":12},"end":{"line":159,"column":46}},"71":{"start":{"line":160,"column":12},"end":{"line":160,"column":104}},"72":{"start":{"line":164,"column":8},"end":{"line":175,"column":12}},"73":{"start":{"line":165,"column":10},"end":{"line":168,"column":11}},"74":{"start":{"line":166,"column":12},"end":{"line":166,"column":46}},"75":{"start":{"line":167,"column":12},"end":{"line":167,"column":18}},"76":{"start":{"line":169,"column":10},"end":{"line":169,"column":44}},"77":{"start":{"line":170,"column":10},"end":{"line":170,"column":65}},"78":{"start":{"line":173,"column":12},"end":{"line":173,"column":46}},"79":{"start":{"line":174,"column":12},"end":{"line":174,"column":67}},"80":{"start":{"line":178,"column":6},"end":{"line":205,"column":10}},"81":{"start":{"line":181,"column":10},"end":{"line":181,"column":34}},"82":{"start":{"line":182,"column":10},"end":{"line":185,"column":14}},"83":{"start":{"line":184,"column":14},"end":{"line":184,"column":35}},"84":{"start":{"line":188,"column":10},"end":{"line":202,"column":11}},"85":{"start":{"line":189,"column":12},"end":{"line":201,"column":16}},"86":{"start":{"line":191,"column":16},"end":{"line":191,"column":54}},"87":{"start":{"line":192,"column":16},"end":{"line":196,"column":18}},"88":{"start":{"line":199,"column":16},"end":{"line":200,"column":25}},"89":{"start":{"line":204,"column":10},"end":{"line":204,"column":24}},"90":{"start":{"line":215,"column":0},"end":{"line":341,"column":1}},"91":{"start":{"line":216,"column":2},"end":{"line":340,"column":6}},"92":{"start":{"line":219,"column":6},"end":{"line":219,"column":17}},"93":{"start":{"line":220,"column":6},"end":{"line":240,"column":7}},"94":{"start":{"line":221,"column":8},"end":{"line":221,"column":51}},"95":{"start":{"line":222,"column":8},"end":{"line":224,"column":9}},"96":{"start":{"line":223,"column":10},"end":{"line":223,"column":34}},"97":{"start":{"line":225,"column":8},"end":{"line":225,"column":58}},"98":{"start":{"line":227,"column":8},"end":{"line":227,"column":57}},"99":{"start":{"line":228,"column":8},"end":{"line":239,"column":9}},"100":{"start":{"line":229,"column":10},"end":{"line":235,"column":11}},"101":{"start":{"line":230,"column":12},"end":{"line":230,"column":134}},"102":{"start":{"line":231,"column":12},"end":{"line":231,"column":87}},"103":{"start":{"line":233,"column":12},"end":{"line":233,"column":123}},"104":{"start":{"line":234,"column":12},"end":{"line":234,"column":65}},"105":{"start":{"line":237,"column":10},"end":{"line":237,"column":114}},"106":{"start":{"line":238,"column":10},"end":{"line":238,"column":74}},"107":{"start":{"line":241,"column":6},"end":{"line":255,"column":10}},"108":{"start":{"line":243,"column":10},"end":{"line":254,"column":11}},"109":{"start":{"line":245,"column":12},"end":{"line":249,"column":13}},"110":{"start":{"line":246,"column":14},"end":{"line":246,"column":84}},"111":{"start":{"line":248,"column":14},"end":{"line":248,"column":43}},"112":{"start":{"line":250,"column":12},"end":{"line":250,"column":41}},"113":{"start":{"line":253,"column":12},"end":{"line":253,"column":78}},"114":{"start":{"line":259,"column":6},"end":{"line":259,"column":18}},"115":{"start":{"line":260,"column":6},"end":{"line":297,"column":7}},"116":{"start":{"line":264,"column":8},"end":{"line":269,"column":9}},"117":{"start":{"line":265,"column":10},"end":{"line":265,"column":75}},"118":{"start":{"line":266,"column":10},"end":{"line":267,"column":139}},"119":{"start":{"line":268,"column":10},"end":{"line":268,"column":38}},"120":{"start":{"line":270,"column":8},"end":{"line":275,"column":9}},"121":{"start":{"line":271,"column":10},"end":{"line":271,"column":83}},"122":{"start":{"line":272,"column":10},"end":{"line":273,"column":91}},"123":{"start":{"line":274,"column":10},"end":{"line":274,"column":49}},"124":{"start":{"line":278,"column":8},"end":{"line":296,"column":9}},"125":{"start":{"line":279,"column":10},"end":{"line":280,"column":82}},"126":{"start":{"line":283,"column":10},"end":{"line":289,"column":11}},"127":{"start":{"line":284,"column":12},"end":{"line":284,"column":80}},"128":{"start":{"line":285,"column":12},"end":{"line":287,"column":93}},"129":{"start":{"line":288,"column":12},"end":{"line":288,"column":40}},"130":{"start":{"line":290,"column":10},"end":{"line":295,"column":11}},"131":{"start":{"line":291,"column":12},"end":{"line":291,"column":88}},"132":{"start":{"line":292,"column":12},"end":{"line":293,"column":93}},"133":{"start":{"line":294,"column":12},"end":{"line":294,"column":51}},"134":{"start":{"line":301,"column":6},"end":{"line":301,"column":32}},"135":{"start":{"line":303,"column":6},"end":{"line":310,"column":7}},"136":{"start":{"line":304,"column":8},"end":{"line":305,"column":76}},"137":{"start":{"line":307,"column":8},"end":{"line":308,"column":78}},"138":{"start":{"line":309,"column":8},"end":{"line":309,"column":59}},"139":{"start":{"line":312,"column":6},"end":{"line":321,"column":7}},"140":{"start":{"line":313,"column":8},"end":{"line":313,"column":77}},"141":{"start":{"line":315,"column":8},"end":{"line":316,"column":69}},"142":{"start":{"line":317,"column":8},"end":{"line":320,"column":9}},"143":{"start":{"line":319,"column":10},"end":{"line":319,"column":53}},"144":{"start":{"line":323,"column":6},"end":{"line":325,"column":8}},"145":{"start":{"line":324,"column":8},"end":{"line":324,"column":37}},"146":{"start":{"line":328,"column":6},"end":{"line":334,"column":37}},"147":{"start":{"line":335,"column":6},"end":{"line":335,"column":39}},"148":{"start":{"line":339,"column":6},"end":{"line":339,"column":37}},"149":{"start":{"line":349,"column":0},"end":{"line":362,"column":1}},"150":{"start":{"line":350,"column":2},"end":{"line":361,"column":6}},"151":{"start":{"line":352,"column":6},"end":{"line":352,"column":49}},"152":{"start":{"line":353,"column":6},"end":{"line":353,"column":18}},"153":{"start":{"line":353,"column":14},"end":{"line":353,"column":18}},"154":{"start":{"line":356,"column":6},"end":{"line":356,"column":30}},"155":{"start":{"line":357,"column":6},"end":{"line":359,"column":24}},"156":{"start":{"line":357,"column":23},"end":{"line":357,"column":44}},"157":{"start":{"line":358,"column":11},"end":{"line":359,"column":24}},"158":{"start":{"line":358,"column":26},"end":{"line":358,"column":45}},"159":{"start":{"line":359,"column":11},"end":{"line":359,"column":24}},"160":{"start":{"line":360,"column":6},"end":{"line":360,"column":21}},"161":{"start":{"line":360,"column":14},"end":{"line":360,"column":21}}},"branchMap":{"1":{"line":32,"type":"if","locations":[{"start":{"line":32,"column":4},"end":{"line":32,"column":4}},{"start":{"line":32,"column":4},"end":{"line":32,"column":4}}]},"2":{"line":33,"type":"if","locations":[{"start":{"line":33,"column":6},"end":{"line":33,"column":6}},{"start":{"line":33,"column":6},"end":{"line":33,"column":6}}]},"3":{"line":52,"type":"if","locations":[{"start":{"line":52,"column":2},"end":{"line":52,"column":2}},{"start":{"line":52,"column":2},"end":{"line":52,"column":2}}]},"4":{"line":53,"type":"if","locations":[{"start":{"line":53,"column":4},"end":{"line":53,"column":4}},{"start":{"line":53,"column":4},"end":{"line":53,"column":4}}]},"5":{"line":53,"type":"binary-expr","locations":[{"start":{"line":53,"column":8},"end":{"line":53,"column":41}},{"start":{"line":53,"column":45},"end":{"line":53,"column":76}}]},"6":{"line":56,"type":"if","locations":[{"start":{"line":56,"column":2},"end":{"line":56,"column":2}},{"start":{"line":56,"column":2},"end":{"line":56,"column":2}}]},"7":{"line":57,"type":"if","locations":[{"start":{"line":57,"column":4},"end":{"line":57,"column":4}},{"start":{"line":57,"column":4},"end":{"line":57,"column":4}}]},"8":{"line":57,"type":"binary-expr","locations":[{"start":{"line":57,"column":8},"end":{"line":57,"column":56}},{"start":{"line":57,"column":60},"end":{"line":57,"column":122}}]},"9":{"line":60,"type":"if","locations":[{"start":{"line":60,"column":2},"end":{"line":60,"column":2}},{"start":{"line":60,"column":2},"end":{"line":60,"column":2}}]},"10":{"line":61,"type":"if","locations":[{"start":{"line":61,"column":4},"end":{"line":61,"column":4}},{"start":{"line":61,"column":4},"end":{"line":61,"column":4}}]},"11":{"line":61,"type":"binary-expr","locations":[{"start":{"line":61,"column":8},"end":{"line":61,"column":38}},{"start":{"line":61,"column":42},"end":{"line":61,"column":73}}]},"12":{"line":91,"type":"cond-expr","locations":[{"start":{"line":91,"column":55},"end":{"line":91,"column":67}},{"start":{"line":91,"column":70},"end":{"line":91,"column":72}}]},"13":{"line":95,"type":"if","locations":[{"start":{"line":95,"column":2},"end":{"line":95,"column":2}},{"start":{"line":95,"column":2},"end":{"line":95,"column":2}}]},"14":{"line":95,"type":"binary-expr","locations":[{"start":{"line":95,"column":6},"end":{"line":95,"column":32}},{"start":{"line":95,"column":36},"end":{"line":95,"column":71}}]},"15":{"line":124,"type":"if","locations":[{"start":{"line":124,"column":8},"end":{"line":124,"column":8}},{"start":{"line":124,"column":8},"end":{"line":124,"column":8}}]},"16":{"line":125,"type":"if","locations":[{"start":{"line":125,"column":10},"end":{"line":125,"column":10}},{"start":{"line":125,"column":10},"end":{"line":125,"column":10}}]},"17":{"line":127,"type":"if","locations":[{"start":{"line":127,"column":17},"end":{"line":127,"column":17}},{"start":{"line":127,"column":17},"end":{"line":127,"column":17}}]},"18":{"line":134,"type":"if","locations":[{"start":{"line":134,"column":6},"end":{"line":134,"column":6}},{"start":{"line":134,"column":6},"end":{"line":134,"column":6}}]},"19":{"line":140,"type":"if","locations":[{"start":{"line":140,"column":6},"end":{"line":140,"column":6}},{"start":{"line":140,"column":6},"end":{"line":140,"column":6}}]},"20":{"line":143,"type":"if","locations":[{"start":{"line":143,"column":6},"end":{"line":143,"column":6}},{"start":{"line":143,"column":6},"end":{"line":143,"column":6}}]},"21":{"line":148,"type":"if","locations":[{"start":{"line":148,"column":6},"end":{"line":148,"column":6}},{"start":{"line":148,"column":6},"end":{"line":148,"column":6}}]},"22":{"line":151,"type":"if","locations":[{"start":{"line":151,"column":10},"end":{"line":151,"column":10}},{"start":{"line":151,"column":10},"end":{"line":151,"column":10}}]},"23":{"line":165,"type":"if","locations":[{"start":{"line":165,"column":10},"end":{"line":165,"column":10}},{"start":{"line":165,"column":10},"end":{"line":165,"column":10}}]},"24":{"line":188,"type":"if","locations":[{"start":{"line":188,"column":10},"end":{"line":188,"column":10}},{"start":{"line":188,"column":10},"end":{"line":188,"column":10}}]},"25":{"line":220,"type":"if","locations":[{"start":{"line":220,"column":6},"end":{"line":220,"column":6}},{"start":{"line":220,"column":6},"end":{"line":220,"column":6}}]},"26":{"line":222,"type":"if","locations":[{"start":{"line":222,"column":8},"end":{"line":222,"column":8}},{"start":{"line":222,"column":8},"end":{"line":222,"column":8}}]},"27":{"line":228,"type":"if","locations":[{"start":{"line":228,"column":8},"end":{"line":228,"column":8}},{"start":{"line":228,"column":8},"end":{"line":228,"column":8}}]},"28":{"line":229,"type":"if","locations":[{"start":{"line":229,"column":10},"end":{"line":229,"column":10}},{"start":{"line":229,"column":10},"end":{"line":229,"column":10}}]},"29":{"line":243,"type":"if","locations":[{"start":{"line":243,"column":10},"end":{"line":243,"column":10}},{"start":{"line":243,"column":10},"end":{"line":243,"column":10}}]},"30":{"line":245,"type":"if","locations":[{"start":{"line":245,"column":12},"end":{"line":245,"column":12}},{"start":{"line":245,"column":12},"end":{"line":245,"column":12}}]},"31":{"line":260,"type":"if","locations":[{"start":{"line":260,"column":6},"end":{"line":260,"column":6}},{"start":{"line":260,"column":6},"end":{"line":260,"column":6}}]},"32":{"line":264,"type":"if","locations":[{"start":{"line":264,"column":8},"end":{"line":264,"column":8}},{"start":{"line":264,"column":8},"end":{"line":264,"column":8}}]},"33":{"line":270,"type":"if","locations":[{"start":{"line":270,"column":8},"end":{"line":270,"column":8}},{"start":{"line":270,"column":8},"end":{"line":270,"column":8}}]},"34":{"line":278,"type":"if","locations":[{"start":{"line":278,"column":8},"end":{"line":278,"column":8}},{"start":{"line":278,"column":8},"end":{"line":278,"column":8}}]},"35":{"line":283,"type":"if","locations":[{"start":{"line":283,"column":10},"end":{"line":283,"column":10}},{"start":{"line":283,"column":10},"end":{"line":283,"column":10}}]},"36":{"line":290,"type":"if","locations":[{"start":{"line":290,"column":10},"end":{"line":290,"column":10}},{"start":{"line":290,"column":10},"end":{"line":290,"column":10}}]},"37":{"line":303,"type":"if","locations":[{"start":{"line":303,"column":6},"end":{"line":303,"column":6}},{"start":{"line":303,"column":6},"end":{"line":303,"column":6}}]},"38":{"line":312,"type":"if","locations":[{"start":{"line":312,"column":6},"end":{"line":312,"column":6}},{"start":{"line":312,"column":6},"end":{"line":312,"column":6}}]},"39":{"line":317,"type":"if","locations":[{"start":{"line":317,"column":8},"end":{"line":317,"column":8}},{"start":{"line":317,"column":8},"end":{"line":317,"column":8}}]},"40":{"line":317,"type":"binary-expr","locations":[{"start":{"line":317,"column":12},"end":{"line":317,"column":29}},{"start":{"line":317,"column":34},"end":{"line":317,"column":47}},{"start":{"line":317,"column":51},"end":{"line":317,"column":93}}]},"41":{"line":353,"type":"if","locations":[{"start":{"line":353,"column":6},"end":{"line":353,"column":6}},{"start":{"line":353,"column":6},"end":{"line":353,"column":6}}]},"42":{"line":357,"type":"if","locations":[{"start":{"line":357,"column":6},"end":{"line":357,"column":6}},{"start":{"line":357,"column":6},"end":{"line":357,"column":6}}]},"43":{"line":358,"type":"if","locations":[{"start":{"line":358,"column":11},"end":{"line":358,"column":11}},{"start":{"line":358,"column":11},"end":{"line":358,"column":11}}]},"44":{"line":360,"type":"if","locations":[{"start":{"line":360,"column":6},"end":{"line":360,"column":6}},{"start":{"line":360,"column":6},"end":{"line":360,"column":6}}]}},"code":["/**"," * @module sign"," */","","'use strict'","","const path = require('path')","","const Promise = require('bluebird')","const compareVersion = require('compare-version')","","const util = require('./util')","const debuglog = util.debuglog","const debugwarn = util.debugwarn","const getAppContentsPath = util.getAppContentsPath","const execFileAsync = util.execFileAsync","const validateOptsAppAsync = util.validateOptsAppAsync","const validateOptsPlatformAsync = util.validateOptsPlatformAsync","const walkAsync = util.walkAsync","const findIdentitiesAsync = require('./util-identities').findIdentitiesAsync","const preEmbedProvisioningProfile = require('./util-provisioning-profiles').preEmbedProvisioningProfile","const preAutoEntitlements = require('./util-entitlements').preAutoEntitlements","","/**"," * This function returns a promise validating opts.binaries, the additional binaries to be signed along with the discovered enclosed components."," * @function"," * @param {Object} opts - Options."," * @returns {Promise} Promise."," */","function validateOptsBinariesAsync (opts) {","  return new Promise(function (resolve, reject) {","    if (opts.binaries) {","      if (!Array.isArray(opts.binaries)) {","        reject(new Error('Additional binaries should be an Array.'))","        return","      }","      // TODO: Presence check for binary files, reject if any does not exist","    }","    resolve()","  })","}","","/**"," * This function returns a promise validating all options passed in opts."," * @function"," * @param {Object} opts - Options."," * @returns {Promise} Promise."," */","function validateSignOptsAsync (opts) {","  const ProvisioningProfile = require('./util-provisioning-profiles').ProvisioningProfile","","  if (opts.ignore) {","    if (typeof opts.ignore !== 'function' && typeof opts.ignore !== 'string') return Promise.reject(new Error('Ignore filter should be either a function or a string.'))","  }","","  if (opts['provisioning-profile']) {","    if (typeof opts['provisioning-profile'] !== 'string' && !(opts['provisioning-profile'] instanceof ProvisioningProfile)) return Promise.reject(new Error('Path to provisioning profile should be a string or a ProvisioningProfile object.'))","  }","","  if (opts['type']) {","    if (opts['type'] !== 'development' && opts['type'] !== 'distribution') return Promise.reject(new Error('Type must be either `development` or `distribution`.'))","  } else {","    opts['type'] = 'distribution'","  }","","  return Promise.map([","    validateOptsAppAsync,","    validateOptsPlatformAsync,","    validateOptsBinariesAsync","  ], function (validate) {","    return validate(opts)","  })","}","","/**"," * This function returns a promise verifying the code sign of application bundle."," * @function"," * @param {Object} opts - Options."," * @returns {Promise} Promise resolving output."," */","function verifySignApplicationAsync (opts) {","  // Verify with codesign","  var compareVersion = require('compare-version')","  var osRelease = require('os').release()","  debuglog('Verifying application bundle with codesign...')","  var promise = execFileAsync('codesign', [","    '--verify',","    '--deep',","    '--verbose=2'","  ]","    .concat(compareVersion(osRelease, '15.0.0') >= 0 ? ['--strict'] : [], // Only pass strict flag in El Capitan and later","      [opts.app]))","","  // Additionally test Gatekeeper acceptance for darwin platform","  if (opts.platform === 'darwin' && opts['gatekeeper-assess'] !== false) {","    promise =
[...]
":26,"column":2},"end":{"line":32,"column":3}},"12":{"start":{"line":27,"column":4},"end":{"line":27,"column":97}},"13":{"start":{"line":27,"column":38},"end":{"line":27,"column":97}},"14":{"start":{"line":28,"column":4},"end":{"line":28,"column":122}},"15":{"start":{"line":28,"column":43},"end":{"line":28,"column":122}},"16":{"start":{"line":30,"column":4},"end":{"line":30,"column":108}},"17":{"start":{"line":31,"column":4},"end":{"line":31,"column":90}},"18":{"start":{"line":34,"column":2},"end":{"line":39,"column":3}},"19":{"start":{"line":35,"column":4},"end":{"line":35,"column":105}},"20":{"start":{"line":35,"column":42},"end":{"line":35,"column":105}},"21":{"start":{"line":37,"column":4},"end":{"line":37,"column":92}},"22":{"start":{"line":38,"column":4},"end":{"line":38,"column":34}},"23":{"start":{"line":41,"column":2},"end":{"line":46,"column":4}},"24":{"start":{"line":45,"column":4},"end":{"line":45,"column":25}},"25":{"start":{"line":55,"column":0},"end":{"line":71,"column":1}},"26":{"start":{"line":56,"column":2},"end":{"line":60,"column":3}},"27":{"start":{"line":61,"column":2},"end":{"line":63,"column":3}},"28":{"start":{"line":62,"column":4},"end":{"line":62,"column":45}},"29":{"start":{"line":64,"column":2},"end":{"line":66,"column":3}},"30":{"start":{"line":65,"column":4},"end":{"line":65,"column":43}},"31":{"start":{"line":68,"column":2},"end":{"line":68,"column":39}},"32":{"start":{"line":69,"column":2},"end":{"line":70,"column":26}},"33":{"start":{"line":79,"column":0},"end":{"line":128,"column":1}},"34":{"start":{"line":80,"column":2},"end":{"line":127,"column":6}},"35":{"start":{"line":82,"column":6},"end":{"line":82,"column":17}},"36":{"start":{"line":83,"column":6},"end":{"line":95,"column":7}},"37":{"start":{"line":84,"column":8},"end":{"line":84,"column":51}},"38":{"start":{"line":85,"column":8},"end":{"line":85,"column":58}},"39":{"start":{"line":87,"column":8},"end":{"line":87,"column":57}},"40":{"start":{"line":88,"column":8},"end":{"line":94,"column":9}},"41":{"start":{"line":89,"column":10},"end":{"line":89,"column":133}},"42":{"start":{"line":90,"column":10},"end":{"line":90,"column":83}},"43":{"start":{"line":92,"column":10},"end":{"line":92,"column":114}},"44":{"start":{"line":93,"column":10},"end":{"line":93,"column":72}},"45":{"start":{"line":96,"column":6},"end":{"line":110,"column":10}},"46":{"start":{"line":98,"column":10},"end":{"line":109,"column":11}},"47":{"start":{"line":100,"column":12},"end":{"line":104,"column":13}},"48":{"start":{"line":101,"column":14},"end":{"line":101,"column":84}},"49":{"start":{"line":103,"column":14},"end":{"line":103,"column":43}},"50":{"start":{"line":105,"column":12},"end":{"line":105,"column":41}},"51":{"start":{"line":108,"column":12},"end":{"line":108,"column":78}},"52":{"start":{"line":116,"column":6},"end":{"line":121,"column":35}},"53":{"start":{"line":122,"column":6},"end":{"line":122,"column":39}},"54":{"start":{"line":126,"column":6},"end":{"line":126,"column":40}},"55":{"start":{"line":136,"column":0},"end":{"line":149,"column":1}},"56":{"start":{"line":137,"column":2},"end":{"line":148,"column":6}},"57":{"start":{"line":139,"column":6},"end":{"line":139,"column":62}},"58":{"start":{"line":140,"column":6},"end":{"line":140,"column":18}},"59":{"start":{"line":140,"column":14},"end":{"line":140,"column":18}},"60":{"start":{"line":143,"column":6},"end":{"line":143,"column":30}},"61":{"start":{"line":144,"column":6},"end":{"line":146,"column":24}},"62":{"start":{"line":144,"column":23},"end":{"line":144,"column":44}},"63":{"start":{"line":145,"column":11},"end":{"line":146,"column":24}},"64":{"start":{"line":145,"column":26},"end":{"line":145,"column":45}},"65":{"start":{"line":146,"column":11},"end":{"line":146,"column":24}},"66":{"start":{"line":147,"column":6},"end":{"line":147,"column":21}},"67":{"start":{"line":147,"column":14},"end":{"line":147,"column":21}}},"branchMap":{"1":{"line":26,"type":"if","locations":[{"start":{"line":26,"column":2},"end":{"line":26,"column":2}},{"start":{"line":26,"column":2},"end":{"line":26,"column":2}}]},"2":{"line":27,"type":"if","locations":[{"start":{"line":27,"column":4},"end":{"line":27,"column":4}},{"start":{"line":27,"column":4},"end":{"line":27,"column":4}}]},"3":{"line":28,"type":"if","locations":[{"start":{"line":28,"column":4},"end":{"line":28,"column":4}},{"start":{"line":28,"column":4},"end":{"line":28,"column":4}}]},"4":{"line":34,"type":"if","locations":[{"start":{"line":34,"column":2},"end":{"line":34,"column":2}},{"start":{"line":34,"column":2},"end":{"line":34,"column":2}}]},"5":{"line":35,"type":"if","locations":[{"start":{"line":35,"column":4},"end":{"line":35,"column":4}},{"start":{"line":35,"column":4},"end":{"line":35,"column":4}}]},"6":{"line":61,"type":"if","locations":[{"start":{"line":61,"column":2},"end":{"line":61,"column":2}},{"start":{"line":61,"column":2},"end":{"line":61,"column":2}}]},"7":{"line":64,"type":"if","locations":[{"start":{"line":64,"column":2},"end":{"line":64,"column":2}},{"start":{"line":64,"column":2},"end":{"line":64,"column":2}}]},"8":{"line":83,"type":"if","locations":[{"start":{"line":83,"column":6},"end":{"line":83,"column":6}},{"start":{"line":83,"column":6},"end":{"line":83,"column":6}}]},"9":{"line":88,"type":"if","locations":[{"start":{"line":88,"column":8},"end":{"line":88,"column":8}},{"start":{"line":88,"column":8},"end":{"line":88,"column":8}}]},"10":{"line":98,"type":"if","locations":[{"start":{"line":98,"column":10},"end":{"line":98,"column":10}},{"start":{"line":98,"column":10},"end":{"line":98,"column":10}}]},"11":{"line":100,"type":"if","locations":[{"start":{"line":100,"column":12},"end":{"line":100,"column":12}},{"start":{"line":100,"column":12},"end":{"line":100,"column":12}}]},"12":{"line":140,"type":"if","locations":[{"start":{"line":140,"column":6},"end":{"line":140,"column":6}},{"start":{"line":140,"column":6},"end":{"line":140,"column":6}}]},"13":{"line":144,"type":"if","locations":[{"start":{"line":144,"column":6},"end":{"line":144,"column":6}},{"start":{"line":144,"column":6},"end":{"line":144,"column":6}}]},"14":{"line":145,"type":"if","locations":[{"start":{"line":145,"column":11},"end":{"line":145,"column":11}},{"start":{"line":145,"column":11},"end":{"line":145,"column":11}}]},"15":{"line":147,"type":"if","locations":[{"start":{"line":147,"column":6},"end":{"line":147,"column":6}},{"start":{"line":147,"column":6},"end":{"line":147,"column":6}}]}},"code":["/**"," * @module flat"," */","","'use strict'","","const path = require('path')","","const Promise = require('bluebird')","","const util = require('./util')","const debuglog = util.debuglog","const debugwarn = util.debugwarn","const execFileAsync = util.execFileAsync","const validateOptsAppAsync = util.validateOptsAppAsync","const validateOptsPlatformAsync = util.validateOptsPlatformAsync","const findIdentitiesAsync = require('./util-identities').findIdentitiesAsync","","/**"," * This function returns a promise validating all options passed in opts."," * @function"," * @param {Object} opts - Options."," * @returns {Promise} Promise."," */","function validateFlatOptsAsync (opts) {","  if (opts.pkg) {","    if (typeof opts.pkg !== 'string') return Promise.reject(new Error('`pkg` must be a string.'))","    if (path.extname(opts.pkg) !== '.pkg') return Promise.reject(new Error('Extension of output package must be `.pkg`.'))","  } else {","    debugwarn('No `pkg` passed in arguments, will fallback to default inferred from the given application.')","    opts.pkg = path.join(path.dirname(opts.app), path.basename(opts.app, '.app') + '.pkg')","  }","","  if (opts.install) {","    if (typeof opts.install !== 'string') return Promise.reject(new Error('`install` must be a string.'))","  } else {","    debugwarn('No `install` passed in arguments, will fallback to default `/Applications`.')","    opts.install = '/Applications'","  }","","  return Promise.map([","    validateOptsAppAsync,","    validateOptsPlatformAsync","  ], function (validate) {","    return validate(opts)","  })","}","","/**"," * This function returns a promise flattening the application."," * @function"," * @param {Object} opts - Options."," * @returns {Promise} Promise."," */","function flatApplicationAsync (opts) {","  var args = [","    '--component', opts.app, opts.install,","    '--sign', opts.identity,","    opts.pkg","  ]","  if (opts.keychain) {","    args.unshift('--keychain', opts.keychain)","  }","  if (opts.scripts) {","    args.unshift('--scripts', opts.scripts)","  }","","  debuglog('Flattening... ' + opts.app)","  return execFileAsync('productbuild', args)","    .thenReturn(undefined)","}","","/**"," * This function is exported and returns a promise flattening the application."," * @function"," * @param {Object} opts - Options."," * @returns {Promise} Promise."," */","var flatAsync = module.exports.flatAsync = function (opts) {","  return validateFlatOptsAsync(opts)","    .then(function () {","      var promise","      if (opts.identity) {","        debuglog('`identity` passed in arguments.')","        promise = findIdentitiesAsync(opts, opts.identity)","      } else {","        debugwarn('No `identity` passed in arguments...')","        if (opts.platform === 'mas') {","          debuglog('Finding `3rd Party Mac Developer Installer` certificate for flattening app distribution in the Mac App Store...')","          promise = findIdentitiesAsync(opts, '3rd Party Mac Developer Installer:')","        } else {","          debuglog('Finding `Developer ID Application` certificate for distribution outside the Mac App Store...')","          promise = findIdentitiesAsync(opts, 'Developer ID Installer:')","        }","      }","      return promise","        .then(function (identities) {","          if (identities.length > 0) {","            // Provisioning profile(s) found","            if (identities.length > 1) {","              debugwarn('Multiple identities found, will use the first discovered.')","            } else {","              debuglog('Found 1 identity.')","            }","            opts.identity = identities[0]","          } else {","            // No identity found","            return Promise.reject(new Error('No identity found for signing.'))","          }","        })","    })","    .then(function () {","      // Pre-flat operations","    })","    .then(function () {","      debuglog('Flattening application...', '\\n',","        '> Application:', opts.app, '\\n',","        '> Package output:', opts.pkg, '\\n',","        '> Install path:', opts.install, '\\n',","        '> Identity:', opts.identity, '\\n',","        '> Scripts:', opts.scripts)","      return flatApplicationAsync(opts)","    })","    .then(function () {","      // Post-flat operations","      debuglog('Application flattened.')","    })","}","","/**"," * This function is exported with normal callback implementation."," * @function"," * @param {Object} opts - Options."," * @param {RequestCallback} cb - Callback."," */","module.exports.flat = function (opts, cb) {","  flatAsync(opts)","    .then(function () {","      debuglog('Application flattened, saved to: ' + opts.app)","      if (cb) cb()","    })","    .catch(function (err) {","      debuglog('Flat failed:')","      if (err.message) debuglog(err.message)","      else if (err.stack) debuglog(err.stack)","      else debuglog(err)","      if (cb) cb(err)","    })","}",""],"l":{"7":1,"9":1,"11":1,"12":1,"13":1,"14":1,"15":1,"16":1,"17":1,"25":1,"26":2,"27":0,"28":0,"30":2,"31":2,"34":0,"35":0,"37":0,"38":0,"41":0,"45":0,"55":1,"56":0,"61":0,"62":0,"64":0,"65":0,"68":0,"69":0,"79":1,"80":2,"82":0,"83":0,"84":0,"85":0,"87":0,"88":0,"89":0,"90":0,"92":0,"93":0,"96":0,"98":0,"100":0,"101":0,"103":0,"105":0,"108":0,"116":0,"122":0,"126":0,"136":1,"137":2,"139":0,"140":0,"143":0,"144":0,"145":0,"146":0,"147":0}},"/home/travis/build/npmtest/node-npmtest-electron-osx-sign/node_modules/electron-osx-sign/bin/electron-osx-flat.js":{"path":"/home/travis/build/npmtest/node-npmtest-electron-osx-sign/node_modules/electron-osx-sign/bin/electron-osx-flat.js","s":{"1":2,"2":2,"3":2,"4":2,"5":2,"6":2,"7":2,"8":2,"9":2,"10":2,"11":2,"12":2,"13":0,"14":0,"15":0,"16":0,"17":0,"18":0,"19":0,"20":0,"21":0,"22":0},"b":{"1":[2,0],"2":[2,0],"3":[0,0],"4":[0,0],"5":[0,0]},"f":{"1":0},"fnMap":{"1":{"name":"done","line":24,"loc":{"start":{"line":24,"column":11},"end":{"line":24,"column":31}}}},"statementMap":{"1":{"start":{"line":3,"column":0},"end":{"line":3,"column":22}},"2":{"start":{"line":4,"column":0},"end":{"line":4,"column":26}},"3":{"start":{"line":5,"column":0},"end":{"line":9,"column":2}},"4":{"start":{"line":10,"column":0},"end":{"line":10,"column":91}},"5":{"start":{"line":11,"column":0},"end":{"line":11,"column":30}},"6":{"start":{"line":13,"column":0},"end":{"line":13,"column":25}},"7":{"start":{"line":15,"column":0},"end":{"line":18,"column":1}},"8":{"start":{"line":16,"column":2},"end":{"line":16,"column":20}},"9":{"start":{"line":17,"column":2},"end":{"line":17,"column":17}},"10":{"start":{"line":21,"column":0},"end":{"line":21,"column":13}},"11":{"start":{"line":22,"column":0},"end":{"line":22,"column":16}},"12":{"start":{"line":24,"column":0},"end":{"line":34,"column":2}},"13":{"start":{"line":25,"column":2},"end":{"line":31,"column":3}},"14":{"start":{"line":26,"column":4},"end":{"line":26,"column":33}},"15":{"start":{"line":27,"column":4},"end":{"line":29,"column":25}},"16":{"start":{"line":27,"column":21},"end":{"line":27,"column":47}},"17":{"start":{"line":28,"column":9},"end":{"line":29,"column":25}},"18":{"start":{"line":28,"column":24},"end":{"line":28,"column":48}},"19":{"start":{"line":29,"column":9},"end":{"line":29,"column":25}},"20":{"start":{"line":30,"column":4},"end":{"line":30,"column":19}},"21":{"start":{"line":32,"column":2},"end":{"line":32,"column":59}},"22":{"start":{"line":33,"column":2},"end":{"line":33,"column":17}}},"branchMap":{"1":{"line":15,"type":"if","locations":[{"start":{"line":15,"column":0},"end":{"line":15,"column":0}},{"start":{"line":15,"column":0},"end":{"line":15,"column":0}}]},"2":{"line":15,"type":"binary-expr","locations":[{"start":{"line":15,"column":4},"end":{"line":15,"column":13}},{"start":{"line":15,"column":17},"end":{"line":15,"column":26}}]},"3":{"line":25,"type":"if","locations":[{"start":{"line":25,"column":2},"end":{"line":25,"column":2}},{"start":{"line":25,"column":2},"end":{"line":25,"column":2}}]},"4":{"line":27,"type":"if","locations":[{"start":{"line":27,"column":4},"end":{"line":27,"column":4}},{"start":{"line":27,"column":4},"end":{"line":27,"column":4}}]},"5":{"line":28,"type":"if","locations":[{"start":{"line":28,"column":9},"end":{"line":28,"column":9}},{"start":{"line":28,"column":9},"end":{"line":28,"column":9}}]}},"code":["//#!/usr/bin/env node","","var fs = require('fs')","var path = require('path')","var args = require('minimist')(process.argv.slice(2), {","  'boolean': [","    'help'","  ]","})","var usage = fs.readFileSync(path.join(__dirname, 'electron-osx-flat-usage.txt')).toString()","var flat = require('../').flat","","args.app = args._.shift()","","if (!args.app || args.help) {","  console.log(usage)","  process.exit(0)","}","","// Remove excess arguments","delete args._","delete args.help","","flat(args, function done (err) {","  if (err) {","    console.error('Flat failed:')","    if (err.message) console.error(err.message)","    else if (err.stack) console.error(err.stack)","    else console.log(err)","    process.exit(1)","  }","  console.log('Application flattened, saved to:', args.pkg)","  process.exit(0)","})",""],"l":{"3":2,"4":2,"5":2,"10":2,"11":2,"13":2,"15":2,"16":2,"17":2,"21":2,"22":2,"24":2,"25":0,"26":0,"27":0,"28":0,"29":0,"30":0,"32":0,"33":0}},"/home/travis/build/npmtest/node-npmtest-electron-osx-sign/node_modules/electron-osx-sign/bin/electron-osx-sign.js":{"path":"/home/travis/build/npmtest/node-npmtest-electron-osx-sign/node_modules/electron-osx-sign/bin/electron-osx-sign.js","s":{"1":1,"2":1,"3":1,"4":1,"5":1,"6":1,"7":1,"8":1,"9":1,"10":1,"11":1,"12":1,"13":1,"14":0,"15":0,"16":0,"17":0,"18":0,"19":0,"20":0,"21":0,"22":0,"23":0},"b":{"1":[1,0],"2":[1,0],"3":[0,0],"4":[0,0],"5":[0,0]},"f":{"1":0},"fnMap":{"1":{"name":"done","line":33,"loc":{"start":{"line":33,"column":11},"end":{"line":33,"column":31}}}},"statementMap":{"1":{"start":{"line":3,"column":0},"end":{"line":3,"column":22}},"2":{"start":{"line":4,"column":0},"end":{"line":4,"column":26}},"3":{"start":{"line":5,"column":0},"end":{"line":17,"column":2}},"4":{"start":{"line":18,"column":0},"end":{"line":18,"column":91}},"5":{"start":{"line":19,"column":0},"end":{"line":19,"column":30}},"6":{"start":{"line":21,"column":0},"end":{"line":21,"column":25}},"7":{"start":{"line":22,"column":0},"end":{"line":22,"column":22}},"8":{"start":{"line":24,"column":0},"end":{"line":27,"column":1}},"9":{"start":{"line":25,"column":2},"end":{"line":25,"column":20}},"10":{"start":{"line":26,"column":2},"end":{"line":26,"column":17}},"11":{"start":{"line":30,"column":0},"end":{"line":30,"column":13}},"12":{"start":{"line":31,"column":0},"end":{"line":31,"column":16}},"13":{"start":{"line":33,"column":0},"end":{"line":43,"column":2}},"14":{"start":{"line":34,"column":2},"end":{"line":40,"column":3}},"15":{"start":{"line":35,"column":4},"end":{"line":35,"column":33}},"16":{"start":{"line":36,"column":4},"end":{"line":38,"column":25}},"17":{"start":{"line":36,"column":21},"end":{"line":36,"column":47}},"18":{"start":{"line":37,"column":9},"end":{"line":38,"column":25}},"19":{"start":{"line":37,"column":24},"end":{"line":37,"column":48}},"20":{"start":{"line":38,"column":9},"end":{"line":38,"column":25}},"21":{"start":{"line":39,"column":4},"end":{"line":39,"column":19}},"22":{"start":{"line":41,"column":2},"end":{"line":41,"column":46}},"23":{"start":{"line":42,"column":2},"end":{"line":42,"column":17}}},"branchMap":{"1":{"line":24,"type":"if","locations":[{"start":{"line":24,"column":0},"end":{"line":24,"column":0}},{"start":{"line":24,"column":0},"end":{"line":24,"column":0}}]},"2":{"line":24,"type":"binary-expr","locations":[{"start":{"line":24,"column":4},"end":{"line":24,"column":13}},{"start":{"line":24,"column":17},"end":{"line":24,"column":26}}]},"3":{"line":34,"type":"if","locations":[{"start":{"line":34,"column":2},"end":{"line":34,"column":2}},{"start":{"line":34,"column":2},"end":{"line":34,"column":2}}]},"4":{"line":36,"type":"if","locations":[{"start":{"line":36,"column":4},"end":{"line":36,"column":4}},{"start":{"line":36,"column":4},"end":{"line":36,"column":4}}]},"5":{"line":37,"type":"if","locations":[{"start":{"line":37,"column":9},"end":{"line":37,"column":9}},{"start":{"line":37,"column":9},"end":{"line":37,"column":9}}]}},"code":["//#!/usr/bin/env node","","var fs = require('fs')","var path = require('path')","var args = require('minimist')(process.argv.slice(2), {","  'boolean': [","    'help',","    'pre-auto-entitlements',","    'pre-embed-provisioning-profile',","    'gatekeeper-assess'","  ],","  'default': {","    'pre-auto-entitlements': true,","    'pre-embed-provisioning-profile': true,","    'gatekeeper-assess': true","  }","})","var usage = fs.readFileSync(path.join(__dirname, 'electron-osx-sign-usage.txt')).toString()","var sign = require('../').sign","","args.app = args._.shift()","args.binaries = args._","","if (!args.app || args.help) {","  console.log(usage)","  process.exit(0)","}","","// Remove excess arguments","delete args._","delete args.help","","sign(args, function done (err) {","  if (err) {","    console.error('Sign failed:')","    if (err.message) console.error(err.message)","    else if (err.stack) console.error(err.stack)","    else console.log(err)","    process.exit(1)","  }","  console.log('Application signed:', args.app)","  process.exit(0)","})",""],"l":{"3":1,"4":1,"5":1,"18":1,"19":1,"21":1,"22":1,"24":1,"25":1,"26":1,"30":1,"31":1,"33":1,"34":0,"35":0,"36":0,"37":0,"38":0,"39":0,"41":0,"42":0}}}